Log file open, 02/25/15 18:16:45
LogInit:Display: Running engine for game: glowskull
LogInit: Version: 4.6.1-2386410+++depot+UE4-Releases+4.6
LogInit: API Version: 2369412
LogInit: Compiled (64-bit): Dec 11 2014 21:31:39
LogInit: Compiled with Visual C++: 18.00.21005.01
LogInit: Build Configuration: Development
LogInit: Branch Name: ++depot+UE4-Releases+4.6
LogInit: Command line: 
LogInit: Base directory: C:/Program Files/Epic Games/4.6/Engine/Binaries/Win64/
LogInit: Rocket: 1
[2015.02.26-00.16.45:819][  0]LogTaskGraph: Started task graph with 3 named threads and 6 total threads.
[2015.02.26-00.16.45:867][  0]LogOnline:Warning: No default platform service specified for OnlineSubsystem
[2015.02.26-00.16.45:885][  0]LogInit: Presizing for 0 objects not considered by GC, pre-allocating 0 bytes.
[2015.02.26-00.16.45:895][  0]LogInit: Object subsystem initialized
[2015.02.26-00.16.45:946][  0]LogInit: Selected Device Profile: [Windows]
[2015.02.26-00.16.45:946][  0]LogInit: Applying CVar settings loaded from the selected device profile: [Windows]
[2015.02.26-00.16.45:950][  0]LogInit: Computer: 15BABB-J76A
[2015.02.26-00.16.45:950][  0]LogInit: User: sneurlax
[2015.02.26-00.16.45:950][  0]LogInit: CPU Page size=4096, Cores=4
[2015.02.26-00.16.45:950][  0]LogInit: High frequency timer resolution =3.919511 MHz
[2015.02.26-00.16.45:950][  0]LogMemory: Memory total: Physical=19.9GB (20GB approx) Virtual=8192.0GB
[2015.02.26-00.16.45:950][  0]LogMemory: Platform Memory Stats for Windows
[2015.02.26-00.16.45:950][  0]LogMemory: Process Physical Memory: 47.32 MB used, 47.32 MB peak
[2015.02.26-00.16.45:950][  0]LogMemory: Process Virtual Memory: 23.20 MB used, 23.40 MB peak
[2015.02.26-00.16.45:950][  0]LogMemory: Physical Memory: 3853.45 MB used, 20378.99 MB total
[2015.02.26-00.16.45:950][  0]LogMemory: Virtual Memory: 259.77 MB used, 8388608.00 MB total
[2015.02.26-00.16.45:972][  0]LogD3D11RHI: Found D3D11 adapter 0: AMD Radeon HD 7800 Series (Feature Level 11_0)
[2015.02.26-00.16.45:972][  0]LogD3D11RHI: Adapter has 2027MB of dedicated video memory, 0MB of dedicated system memory, and 3840MB of shared system memory, 3 output[s]
[2015.02.26-00.16.45:972][  0]LogD3D11RHI: Chosen D3D11 Adapter Id = 0
[2015.02.26-00.16.45:978][  0]LogRHI: Texture pool is 1361 MB (70% of 1945 MB)
[2015.02.26-00.16.45:983][  0]LogD3D11RHI: Async texture creation disabled: no driver support
[2015.02.26-00.16.46:040][  0]LogTextLocalizationManager: The requested culture ('en_US') has no localization data; parent culture's ('en') localization data will be used.
[2015.02.26-00.16.46:179][  0]LogContentStreaming: Texture pool size is 0.000000MB
[2015.02.26-00.16.51:448][  0]LogTargetPlatformManager:Display: Building Assets For Windows
[2015.02.26-00.16.51:875][  0]LogTargetPlatformManager:Display: Building Assets For Windows
[2015.02.26-00.16.51:925][  0]LogDerivedDataCache:Display: Max Cache Size: 512 MB
[2015.02.26-00.16.51:990][  0]LogDerivedDataCache: Loaded boot cache 0.07s 39MB C:/Users/sneurlax/AppData/Local/UnrealEngine/4.6/DerivedDataCache/Boot.ddc.
[2015.02.26-00.16.51:990][  0]LogDerivedDataCache:Display: Loaded Boot cache: C:/Users/sneurlax/AppData/Local/UnrealEngine/4.6/DerivedDataCache/Boot.ddc
[2015.02.26-00.16.51:990][  0]LogDerivedDataCache: FDerivedDataBackendGraph:  Pak pak cache file D:/github/unreal/glowskull/DerivedDataCache/DDC.ddp not found, will not use a pak cache.
[2015.02.26-00.16.51:990][  0]LogDerivedDataCache: Unable to find inner node Pak for hierarchical cache Hierarchy.
[2015.02.26-00.16.52:051][  0]LogDerivedDataCache:Display: Pak cache opened for reading ../../../Engine/DerivedDataCache/DDC.ddp.
[2015.02.26-00.16.52:063][  0]LogDerivedDataCache: Using Local data cache path C:/Users/sneurlax/AppData/Local/UnrealEngine/Common/DerivedDataCache: Writable
[2015.02.26-00.16.52:214][  0]LogCollisionProfile:Warning: Profile (UI) - Custom Channel Name = 'Weapon' hasn't been found
[2015.02.26-00.16.52:362][  0]LogMeshUtilities: No automatic mesh reduction module available
[2015.02.26-00.16.52:362][  0]LogMeshUtilities: No automatic mesh merging module available
[2015.02.26-00.16.52:788][  0]LogInit: WinSock: version 1.1 (2.2), MaxSocks=32767, MaxUdp=65467
[2015.02.26-00.16.52:842][  0]LogSlate:Warning: Failed to load font data from '../../../Engine/Content/Slate/Fonts/Roboto-Italic.ttf'
[2015.02.26-00.16.53:777][  0]UdpMessaging: Initializing bridge on interface 0.0.0.0:0 to multicast group 230.0.0.1:6666.
[2015.02.26-00.16.53:929][  0]LogDirectoryWatcher:Warning: Failed to begin reading directory changes for D:/github/unreal/glowskull/Binaries/Win64. Error: 0
[2015.02.26-00.16.54:071][  0]SourceControl: Info Source control is disabled
[2015.02.26-00.16.54:071][  0]SourceControl: Info Source control is disabled
[2015.02.26-00.16.54:078][  0]SourceControl: Info Source control is disabled
[2015.02.26-00.16.54:191][  0]LogObj: 23754 objects as part of root set at end of initial load.
[2015.02.26-00.16.54:191][  0]LogUObjectAllocator: 5168136 out of 0 bytes used by permanent object pool.
[2015.02.26-00.16.54:249][  0]LogEngine: Initializing Engine...
[2015.02.26-00.16.54:403][  0]LogInit: XAudio2 using 'Speakers (Realtek High Definition Audio)' : 2 channels at 48 kHz using 32 bits per sample (channel mask 0x3)
[2015.02.26-00.16.54:444][  0]LogInit: FAudioDevice initialized.
[2015.02.26-00.16.54:464][  0]LogAIModule: Creating AISystem for world NewWorld
[2015.02.26-00.16.54:499][  0]LogDerivedDataCache: Saved boot cache 0.03s 39MB C:/Users/sneurlax/AppData/Local/UnrealEngine/4.6/DerivedDataCache/Boot.ddc.
[2015.02.26-00.16.54:510][  0]LogInit: Texture streaming: Enabled
[2015.02.26-00.16.54:535][  0]LogAnalytics: Creating configured Analytics provider AnalyticsET
[2015.02.26-00.16.54:535][  0]LogAnalytics: ET APIKey = Rocket.Release. APIServer = http://et2.epicgames.com/ET2/. AppVersion = 4.6.1-2386410+++depot+UE4-Releases+4.6
[2015.02.26-00.16.54:537][  0]LogAnalytics: SetUserId 725d5cc955e448d80a109988b21e8168
[2015.02.26-00.16.54:537][  0]LogAnalytics: AnalyticsET::StartSession [Rocket.Release]
[2015.02.26-00.16.54:554][  0]LogInit: Transaction tracking system initialized
[2015.02.26-00.16.54:640][  0]BlueprintLog: New page: Editor Load
[2015.02.26-00.16.54:668][  0]LogAssetRegistry: FAssetRegistry took 0.0098 seconds to start up
[2015.02.26-00.16.54:668][  0]LogDirectoryWatcher:Warning: Failed to begin reading directory changes for ../../../Engine/Plugins/Experimental/CharacterAI/Content/. Error: 0
[2015.02.26-00.16.55:141][  0]LogTargetPlatformManager:Display: Building Assets For Windows
[2015.02.26-00.16.55:512][  0]LogTargetPlatformManager:Display: Building Assets For Windows
[2015.02.26-00.16.57:449][  0]LogConsoleResponse:Display: 
[2015.02.26-00.16.57:493][  0]LogLinker:Warning: Asset '../../../Engine/Content/Functions/Engine_MaterialFunctions03/Procedurals/ComputeFilterWidth.uasset' has been saved with empty engine version. The asset will be loaded but may be incompatible.
[2015.02.26-00.16.57:676][  0]SourceControl: Info Source control is disabled
[2015.02.26-00.16.57:676][  0]Cmd: MAP LOAD FILE="D:/github/unreal/glowskull/Content/Maps/DefaultMap.umap" TEMPLATE=0 SHOWPROGRESS=1
[2015.02.26-00.16.57:677][  0]LightingResults: New page: Lighting Build
[2015.02.26-00.16.57:685][  0]MapCheck: New page: Map Check
[2015.02.26-00.16.57:686][  0]LightingResults: New page: Lighting Build
[2015.02.26-00.16.57:696][  0]LogParticles: Destroying 0 GPU particle simulations for FXSystem 0x00000000159359E0
[2015.02.26-00.16.58:445][  0]LogEditorServer: Finished looking for orphan Actors (0.000 secs)
[2015.02.26-00.16.58:445][  0]LogAIModule: Creating AISystem for world DefaultMap
[2015.02.26-00.16.58:446][  0]Cmd: MAP CHECKDEP
[2015.02.26-00.16.58:446][  0]MapCheck: New page: DefaultMap - Feb 25, 2015, 12:16:58 PM
[2015.02.26-00.16.58:521][  0]MapCheck: Info Map check complete: 0 Error(s), 0 Warning(s), took 75.693ms to complete.
[2015.02.26-00.16.58:521][  0]LogFileHelpers: Loading map 'DefaultMap' took 0.845
[2015.02.26-00.16.58:741][  0]LogCollectionManager: Loaded 0 collections in 0.000910 seconds
[2015.02.26-00.16.58:879][  0]LogCrashTracker: Crashtracker disabled due to settings.
[2015.02.26-00.16.58:886][  0]LogUObjectGlobals:Warning: Failed to find object 'Class None.'
[2015.02.26-00.16.58:912][  0]LogLoad: Full Startup: 15.03 seconds (BP compile: 0.18 seconds)
[2015.02.26-00.16.59:070][  0]LogRenderer:Warning: Reallocating scene render targets to support 1136x904.
[2015.02.26-00.16.59:362][  2]LogAssetRegistry: Asset discovery search completed in 4.7047 seconds
[2015.02.26-00.17.00:781][146]LogPlayLevel: PIE:  No blueprints needed recompiling
[2015.02.26-00.17.00:781][146]PIE: New page: PIE session: DefaultMap (Feb 25, 2015, 12:17:00 PM)
[2015.02.26-00.17.00:783][146]LogPlayLevel: PIE: StaticDuplicateObject took: (0.001775s)
[2015.02.26-00.17.00:784][146]LogPlayLevel: PIE: World Init took: (0.000818s)
[2015.02.26-00.17.00:784][146]LogPlayLevel: PIE: Created PIE world by copying editor world from /Game/Maps/DefaultMap.DefaultMap to /Game/Maps/UEDPIE_0_DefaultMap.DefaultMap (0.002751s)
[2015.02.26-00.17.00:822][146]LogWorld: Game class is 'GM_Template_C'
[2015.02.26-00.17.00:824][146]LogAIModule: Creating AISystem for world DefaultMap
[2015.02.26-00.17.00:825][146]LogWorld: Bringing World /Game/Maps/UEDPIE_0_DefaultMap.DefaultMap up for play (max tick rate 0) at 2015.02.25-18.17.00
[2015.02.26-00.17.00:825][146]LogWorld: Bringing up level for play took: 0.000708
[2015.02.26-00.17.00:826][146]PIE: Info Play in editor start time for /Game/Maps/UEDPIE_0_DefaultMap 0.371
[2015.02.26-00.17.22:303][700]LogParticles: Destroying 0 GPU particle simulations for FXSystem 0x000000001ADB1A80
[2015.02.26-00.17.26:292][173]LogEditorViewport: Clicking on Actor (LMB): StaticMeshActor (SM_Template_Map_Floor)
[2015.02.26-00.17.26:304][173]LogPropertyNode:Warning: UI Min (0.001) >= UI Max () for Ranged Numeric
[2015.02.26-00.18.33:403][782]LogPlayLevel: PIE:  No blueprints needed recompiling
[2015.02.26-00.18.33:403][782]PIE: New page: PIE session: DefaultMap (Feb 25, 2015, 12:18:33 PM)
[2015.02.26-00.18.33:405][782]LogPlayLevel: PIE: StaticDuplicateObject took: (0.001571s)
[2015.02.26-00.18.33:407][782]LogPlayLevel: PIE: World Init took: (0.002036s)
[2015.02.26-00.18.33:407][782]LogPlayLevel: PIE: Created PIE world by copying editor world from /Game/Maps/DefaultMap.DefaultMap to /Game/Maps/UEDPIE_0_DefaultMap.DefaultMap (0.003874s)
[2015.02.26-00.18.33:437][782]LogWorld: Game class is 'GM_Template_C'
[2015.02.26-00.18.33:439][782]LogAIModule: Creating AISystem for world DefaultMap
[2015.02.26-00.18.33:440][782]LogWorld: Bringing World /Game/Maps/UEDPIE_0_DefaultMap.DefaultMap up for play (max tick rate 0) at 2015.02.25-18.18.33
[2015.02.26-00.18.33:440][782]LogWorld: Bringing up level for play took: 0.000707
[2015.02.26-00.18.33:441][782]PIE: Info Play in editor start time for /Game/Maps/UEDPIE_0_DefaultMap 0.985
[2015.02.26-00.18.35:604][ 34]LogPropertyNode:Warning: UI Min (0.001) >= UI Max () for Ranged Numeric
[2015.02.26-00.18.35:664][ 35]LogParticles: Destroying 0 GPU particle simulations for FXSystem 0x00000000092A65C0
[2015.02.26-00.18.41:187][166]LogContentBrowser:Verbose: The content browser source was changed by the sources view to '/Game/Blueprints'
[2015.02.26-00.21.34:710][187]LogParticles: Destroying 0 GPU particle simulations for FXSystem 0x000000001512FBA0
[2015.02.26-00.25.16:017][523]LogEditorViewport: Clicking on Actor (LMB): StaticMeshActor (SM_Template_Map_Floor)
[2015.02.26-00.25.16:026][523]LogPropertyNode:Warning: UI Min (0.001) >= UI Max () for Ranged Numeric
[2015.02.26-00.25.16:685][553]BlueprintLog: New page: Pre-PIE auto-recompile
[2015.02.26-00.25.16:688][553]LogPlayLevel: [PIE] Compiling Tutorial_BP_MacroLib before PIE...
[2015.02.26-00.25.16:753][553]LogPlayLevel: PIE:  Blueprint regeneration took 67 ms (1 blueprints)
[2015.02.26-00.25.16:753][553]PIE: New page: PIE session: DefaultMap (Feb 25, 2015, 12:25:16 PM)
[2015.02.26-00.25.16:755][553]LogPlayLevel: PIE: StaticDuplicateObject took: (0.001599s)
[2015.02.26-00.25.16:755][553]LogPlayLevel: PIE: World Init took: (0.000801s)
[2015.02.26-00.25.16:756][553]LogPlayLevel: PIE: Created PIE world by copying editor world from /Game/Maps/DefaultMap.DefaultMap to /Game/Maps/UEDPIE_0_DefaultMap.DefaultMap (0.002606s)
[2015.02.26-00.25.16:787][553]LogWorld: Game class is 'GM_Template_C'
[2015.02.26-00.25.16:790][553]LogAIModule: Creating AISystem for world DefaultMap
[2015.02.26-00.25.16:790][553]LogWorld: Bringing World /Game/Maps/UEDPIE_0_DefaultMap.DefaultMap up for play (max tick rate 0) at 2015.02.25-18.25.16
[2015.02.26-00.25.16:791][553]LogWorld: Bringing up level for play took: 0.000717
[2015.02.26-00.25.16:792][553]PIE: Info Play in editor start time for /Game/Maps/UEDPIE_0_DefaultMap 0.33
[2015.02.26-00.25.26:316][ 82]LogPropertyNode:Warning: UI Min (0.001) >= UI Max () for Ranged Numeric
[2015.02.26-00.25.26:395][ 83]LogParticles: Destroying 0 GPU particle simulations for FXSystem 0x000000000D9FC7C0
[2015.02.26-00.25.48:222][229]LogUObjectGlobals:Warning: Failed to find object 'Object None.'
[2015.02.26-00.27.32:653][419]LogFileHelpers: Editor autosave (incl. sublevels) for '/Game/Maps/DefaultMap' took 0.035
[2015.02.26-00.27.32:724][419]OBJ SavePackage: Generating thumbnails for [0] asset(s) in package [/Game/Blueprints/Pawn_Template] ([1] browsable assets)...
[2015.02.26-00.27.32:724][419]OBJ SavePackage: Finished generating thumbnails for package [/Game/Blueprints/Pawn_Template]
[2015.02.26-00.27.32:733][419]Cmd: OBJ SAVEPACKAGE PACKAGE="/Game/Blueprints/Pawn_Template" FILE="D:/github/unreal/glowskull/Saved/Autosaves/Game/Blueprints/Pawn_Template_Auto1.uasset" SILENT=false AUTOSAVING=true
[2015.02.26-00.27.32:860][419]LogSavePackage: Save=122.845940ms
[2015.02.26-00.27.32:860][419]LogSavePackage: Moving 'D:/github/unreal/glowskull/Saved/Pawn_Template_Auto1620677CB40488E24D793F1AAF1622C48.tmp' to 'D:/github/unreal/glowskull/Saved/Autosaves/Game/Blueprints/Pawn_Template_Auto1.uasset'
[2015.02.26-00.27.32:864][419]LogFileHelpers: Auto-saving content packages took 0.211
[2015.02.26-00.29.12:041][360]LogUObjectGlobals:Warning: Failed to find object 'Object None.'
[2015.02.26-00.29.29:180][211]LogUObjectGlobals:Warning: Failed to find object 'Object None.'
[2015.02.26-00.29.36:039][539]LogUObjectGlobals:Warning: Failed to find object 'Object None.'
[2015.02.26-00.31.35:307][233]BlueprintLog: New page: Pre-PIE auto-recompile
[2015.02.26-00.31.35:324][233]LogPlayLevel: [PIE] Compiling Pawn_Template before PIE...
[2015.02.26-00.31.35:435][233]LogPlayLevel: [PIE] Compiling HUD_Template before PIE...
[2015.02.26-00.31.35:594][233]LogPlayLevel: PIE:  Blueprint regeneration took 287 ms (2 blueprints)
[2015.02.26-00.31.35:594][233]PIE: New page: PIE session: DefaultMap (Feb 25, 2015, 12:31:35 PM)
[2015.02.26-00.31.35:596][233]LogPlayLevel: PIE: StaticDuplicateObject took: (0.001598s)
[2015.02.26-00.31.35:597][233]LogPlayLevel: PIE: World Init took: (0.000862s)
[2015.02.26-00.31.35:597][233]LogPlayLevel: PIE: Created PIE world by copying editor world from /Game/Maps/DefaultMap.DefaultMap to /Game/Maps/UEDPIE_0_DefaultMap.DefaultMap (0.002604s)
[2015.02.26-00.31.35:624][233]LogWorld: Game class is 'GM_Template_C'
[2015.02.26-00.31.35:627][233]LogAIModule: Creating AISystem for world DefaultMap
[2015.02.26-00.31.35:627][233]LogWorld: Bringing World /Game/Maps/UEDPIE_0_DefaultMap.DefaultMap up for play (max tick rate 0) at 2015.02.25-18.31.35
[2015.02.26-00.31.35:627][233]LogWorld: Bringing up level for play took: 0.000692
[2015.02.26-00.31.35:629][233]PIE: Info Play in editor start time for /Game/Maps/UEDPIE_0_DefaultMap 1.161
[2015.02.26-00.31.40:976][529]LogPropertyNode:Warning: UI Min (0.001) >= UI Max () for Ranged Numeric
[2015.02.26-00.31.41:056][530]LogParticles: Destroying 0 GPU particle simulations for FXSystem 0x0000000022C34A40
[2015.02.26-00.32.39:616][573]Cmd: OBJ SAVEPACKAGE PACKAGE="/Game/Blueprints/Pawn_Template" FILE="D:/github/unreal/glowskull/Content/Blueprints/Pawn_Template.uasset" SILENT=true
[2015.02.26-00.32.39:684][573]LogSavePackage: Save=59.310204ms
[2015.02.26-00.32.39:684][573]LogSavePackage: Moving 'D:/github/unreal/glowskull/Saved/Pawn_Template769F37904E4F7D398F62E3821570ACBB.tmp' to 'D:/github/unreal/glowskull/Content/Blueprints/Pawn_Template.uasset'
[2015.02.26-00.32.42:565][709]LogPlayLevel: PIE:  No blueprints needed recompiling
[2015.02.26-00.32.42:565][709]PIE: New page: PIE session: DefaultMap (Feb 25, 2015, 12:32:42 PM)
[2015.02.26-00.32.42:567][709]LogPlayLevel: PIE: StaticDuplicateObject took: (0.002028s)
[2015.02.26-00.32.42:568][709]LogPlayLevel: PIE: World Init took: (0.000692s)
[2015.02.26-00.32.42:568][709]LogPlayLevel: PIE: Created PIE world by copying editor world from /Game/Maps/DefaultMap.DefaultMap to /Game/Maps/UEDPIE_0_DefaultMap.DefaultMap (0.002864s)
[2015.02.26-00.32.42:597][709]LogWorld: Game class is 'GM_Template_C'
[2015.02.26-00.32.42:599][709]LogAIModule: Creating AISystem for world DefaultMap
[2015.02.26-00.32.42:599][709]LogWorld: Bringing World /Game/Maps/UEDPIE_0_DefaultMap.DefaultMap up for play (max tick rate 0) at 2015.02.25-18.32.42
[2015.02.26-00.32.42:600][709]LogWorld: Bringing up level for play took: 0.000691
[2015.02.26-00.32.42:601][709]PIE: Info Play in editor start time for /Game/Maps/UEDPIE_0_DefaultMap 0.133
[2015.02.26-00.32.45:224][853]LogPropertyNode:Warning: UI Min (0.001) >= UI Max () for Ranged Numeric
[2015.02.26-00.32.45:304][854]LogParticles: Destroying 0 GPU particle simulations for FXSystem 0x0000000022C387C0
[2015.02.26-00.32.47:973][987]LogEditorViewport: Clicking on Actor (LMB): StaticMeshActor (SM_Template_Map_Floor)
[2015.02.26-00.32.47:982][987]LogPropertyNode:Warning: UI Min (0.001) >= UI Max () for Ranged Numeric
[2015.02.26-00.32.48:729][ 22]LogEditorViewport: Clicking on Actor (LMB): BP_Sky_Sphere_C (BP_Sky_Shere)
[2015.02.26-00.32.49:082][ 37]LogEditorViewport: Clicking on Actor (LMB): BP_Sky_Sphere_C (BP_Sky_Shere)
[2015.02.26-00.32.56:274][391]LogPlayLevel: PIE:  No blueprints needed recompiling
[2015.02.26-00.32.56:275][391]PIE: New page: PIE session: DefaultMap (Feb 25, 2015, 12:32:56 PM)
[2015.02.26-00.32.56:276][391]LogPlayLevel: PIE: StaticDuplicateObject took: (0.001521s)
[2015.02.26-00.32.56:277][391]LogPlayLevel: PIE: World Init took: (0.000765s)
[2015.02.26-00.32.56:277][391]LogPlayLevel: PIE: Created PIE world by copying editor world from /Game/Maps/DefaultMap.DefaultMap to /Game/Maps/UEDPIE_0_DefaultMap.DefaultMap (0.002428s)
[2015.02.26-00.32.56:305][391]LogWorld: Game class is 'GM_Template_C'
[2015.02.26-00.32.56:307][391]LogAIModule: Creating AISystem for world DefaultMap
[2015.02.26-00.32.56:307][391]LogWorld: Bringing World /Game/Maps/UEDPIE_0_DefaultMap.DefaultMap up for play (max tick rate 0) at 2015.02.25-18.32.56
[2015.02.26-00.32.56:308][391]LogWorld: Bringing up level for play took: 0.000694
[2015.02.26-00.32.56:309][391]PIE: Info Play in editor start time for /Game/Maps/UEDPIE_0_DefaultMap -0.16
[2015.02.26-00.33.01:261][669]LogParticles: Destroying 0 GPU particle simulations for FXSystem 0x0000000017A3B600
[2015.02.26-00.33.15:990][402]LogUObjectGlobals:Warning: Failed to find object 'Object None.'
[2015.02.26-00.33.21:625][663]BlueprintLog: New page: Pre-PIE auto-recompile
[2015.02.26-00.33.21:666][663]LogPlayLevel: [PIE] Compiling Pawn_Template before PIE...
[2015.02.26-00.33.21:797][663]LogPlayLevel: [PIE] Compiling HUD_Template before PIE...
[2015.02.26-00.33.21:949][663]LogPlayLevel: PIE:  Blueprint regeneration took 324 ms (2 blueprints)
[2015.02.26-00.33.21:949][663]PIE: New page: PIE session: DefaultMap (Feb 25, 2015, 12:33:21 PM)
[2015.02.26-00.33.21:951][663]LogPlayLevel: PIE: StaticDuplicateObject took: (0.001633s)
[2015.02.26-00.33.21:952][663]LogPlayLevel: PIE: World Init took: (0.000826s)
[2015.02.26-00.33.21:952][663]LogPlayLevel: PIE: Created PIE world by copying editor world from /Game/Maps/DefaultMap.DefaultMap to /Game/Maps/UEDPIE_0_DefaultMap.DefaultMap (0.002604s)
[2015.02.26-00.33.21:981][663]LogWorld: Game class is 'GM_Template_C'
[2015.02.26-00.33.21:983][663]LogAIModule: Creating AISystem for world DefaultMap
[2015.02.26-00.33.21:984][663]LogWorld: Bringing World /Game/Maps/UEDPIE_0_DefaultMap.DefaultMap up for play (max tick rate 0) at 2015.02.25-18.33.21
[2015.02.26-00.33.21:984][663]LogWorld: Bringing up level for play took: 0.000711
[2015.02.26-00.33.21:985][663]PIE: Info Play in editor start time for /Game/Maps/UEDPIE_0_DefaultMap -0.483
[2015.02.26-00.33.24:053][766]LogParticles: Destroying 0 GPU particle simulations for FXSystem 0x0000000023AEAAC0
[2015.02.26-00.33.44:495][752]LogUObjectGlobals:Warning: Failed to find object 'Object None.'
[2015.02.26-00.33.55:463][234]LogUObjectGlobals:Warning: Failed to find object 'Object None.'
[2015.02.26-00.34.12:077][ 30]LogUObjectGlobals:Warning: Failed to find object 'Object None.'
[2015.02.26-00.34.24:708][618]BlueprintLog: New page: Compile Pawn_Template
[2015.02.26-00.34.24:850][618]BlueprintEditorCompileResults: Info [1060.96] Compile of Pawn_Template successful! [in 108 ms]
[2015.02.26-00.34.26:866][712]BlueprintLog: New page: Pre-PIE auto-recompile
[2015.02.26-00.34.26:871][712]LogPlayLevel: [PIE] Compiling HUD_Template before PIE...
[2015.02.26-00.34.27:020][712]LogPlayLevel: PIE:  Blueprint regeneration took 153 ms (1 blueprints)
[2015.02.26-00.34.27:020][712]PIE: New page: PIE session: DefaultMap (Feb 25, 2015, 12:34:27 PM)
[2015.02.26-00.34.27:023][712]LogPlayLevel: PIE: StaticDuplicateObject took: (0.001935s)
[2015.02.26-00.34.27:023][712]LogPlayLevel: PIE: World Init took: (0.000761s)
[2015.02.26-00.34.27:024][712]LogPlayLevel: PIE: Created PIE world by copying editor world from /Game/Maps/DefaultMap.DefaultMap to /Game/Maps/UEDPIE_0_DefaultMap.DefaultMap (0.002846s)
[2015.02.26-00.34.27:053][712]LogWorld: Game class is 'GM_Template_C'
[2015.02.26-00.34.27:055][712]LogAIModule: Creating AISystem for world DefaultMap
[2015.02.26-00.34.27:056][712]LogWorld: Bringing World /Game/Maps/UEDPIE_0_DefaultMap.DefaultMap up for play (max tick rate 0) at 2015.02.25-18.34.27
[2015.02.26-00.34.27:056][712]LogWorld: Bringing up level for play took: 0.000702
[2015.02.26-00.34.27:057][712]PIE: Info Play in editor start time for /Game/Maps/UEDPIE_0_DefaultMap 0.587
[2015.02.26-00.34.31:549][958]LogParticles: Destroying 0 GPU particle simulations for FXSystem 0x0000000012A57A60
[2015.02.26-00.35.08:295][643]BlueprintLog: New page: Compile Pawn_Template
[2015.02.26-00.35.08:466][643]BlueprintEditorCompileResults: Info [1104.57] Compile of Pawn_Template successful! [in 137 ms]
[2015.02.26-00.35.09:894][703]BlueprintLog: New page: Pre-PIE auto-recompile
[2015.02.26-00.35.09:898][703]LogPlayLevel: [PIE] Compiling HUD_Template before PIE...
[2015.02.26-00.35.10:052][703]LogPlayLevel: PIE:  Blueprint regeneration took 158 ms (1 blueprints)
[2015.02.26-00.35.10:052][703]PIE: New page: PIE session: DefaultMap (Feb 25, 2015, 12:35:10 PM)
[2015.02.26-00.35.10:054][703]LogPlayLevel: PIE: StaticDuplicateObject took: (0.001627s)
[2015.02.26-00.35.10:055][703]LogPlayLevel: PIE: World Init took: (0.000831s)
[2015.02.26-00.35.10:055][703]LogPlayLevel: PIE: Created PIE world by copying editor world from /Game/Maps/DefaultMap.DefaultMap to /Game/Maps/UEDPIE_0_DefaultMap.DefaultMap (0.002600s)
[2015.02.26-00.35.10:080][703]LogWorld: Game class is 'GM_Template_C'
[2015.02.26-00.35.10:082][703]LogAIModule: Creating AISystem for world DefaultMap
[2015.02.26-00.35.10:083][703]LogWorld: Bringing World /Game/Maps/UEDPIE_0_DefaultMap.DefaultMap up for play (max tick rate 0) at 2015.02.25-18.35.10
[2015.02.26-00.35.10:083][703]LogWorld: Bringing up level for play took: 0.000669
[2015.02.26-00.35.10:084][703]PIE: Info Play in editor start time for /Game/Maps/UEDPIE_0_DefaultMap -0.385
[2015.02.26-00.35.11:692][729]LogScriptCore: Script call stack:
	Function /Game/Blueprints/Pawn_Template.Pawn_Template_C:InpActEvt_E_K2Node_InputKeyEvent_6
	Function /Game/Blueprints/Pawn_Template.Pawn_Template_C:ExecuteUbergraph_Pawn_Template

[2015.02.26-00.35.11:692][729]LogScript:Warning: Runaway loop detected (over 1000000 iterations)
	Pawn_Template_C /Game/Maps/UEDPIE_0_DefaultMap.DefaultMap:PersistentLevel.Pawn_Template_C_0
	Function /Game/Blueprints/Pawn_Template.Pawn_Template_C:ExecuteUbergraph_Pawn_Template:079E
[2015.02.26-00.35.13:604][730]LogParticles: Destroying 0 GPU particle simulations for FXSystem 0x000000000D9FC0E0
[2015.02.26-00.38.03:302][ 39]LogFileHelpers: Editor autosave (incl. sublevels) for '/Game/Maps/DefaultMap' took 0.035
[2015.02.26-00.38.03:376][ 39]OBJ SavePackage: Generating thumbnails for [0] asset(s) in package [/Game/Blueprints/Pawn_Template] ([1] browsable assets)...
[2015.02.26-00.38.03:376][ 39]OBJ SavePackage: Finished generating thumbnails for package [/Game/Blueprints/Pawn_Template]
[2015.02.26-00.38.03:395][ 39]Cmd: OBJ SAVEPACKAGE PACKAGE="/Game/Blueprints/Pawn_Template" FILE="D:/github/unreal/glowskull/Saved/Autosaves/Game/Blueprints/Pawn_Template_Auto2.uasset" SILENT=false AUTOSAVING=true
[2015.02.26-00.38.03:537][ 39]LogSavePackage: Save=137.175781ms
[2015.02.26-00.38.03:537][ 39]LogSavePackage: Moving 'D:/github/unreal/glowskull/Saved/Pawn_Template_Auto2DD9574474907B9565E12678A58DCB04C.tmp' to 'D:/github/unreal/glowskull/Saved/Autosaves/Game/Blueprints/Pawn_Template_Auto2.uasset'
[2015.02.26-00.38.03:541][ 39]LogFileHelpers: Auto-saving content packages took 0.238
[2015.02.26-00.42.21:268][337]LogEditorTransaction: Undo Delete current selection
[2015.02.26-00.42.50:870][738]BlueprintLog: New page: Compile Pawn_Template
[2015.02.26-00.42.51:059][738]BlueprintEditorCompileResults: Info [1567.16] Compile of Pawn_Template successful! [in 155 ms]
[2015.02.26-00.42.52:580][801]BlueprintLog: New page: Pre-PIE auto-recompile
[2015.02.26-00.42.52:585][801]LogPlayLevel: [PIE] Compiling HUD_Template before PIE...
[2015.02.26-00.42.52:738][801]LogPlayLevel: PIE:  Blueprint regeneration took 158 ms (1 blueprints)
[2015.02.26-00.42.52:739][801]PIE: New page: PIE session: DefaultMap (Feb 25, 2015, 12:42:52 PM)
[2015.02.26-00.42.52:741][801]LogPlayLevel: PIE: StaticDuplicateObject took: (0.001626s)
[2015.02.26-00.42.52:741][801]LogPlayLevel: PIE: World Init took: (0.000790s)
[2015.02.26-00.42.52:742][801]LogPlayLevel: PIE: Created PIE world by copying editor world from /Game/Maps/DefaultMap.DefaultMap to /Game/Maps/UEDPIE_0_DefaultMap.DefaultMap (0.002582s)
[2015.02.26-00.42.52:772][801]LogWorld: Game class is 'GM_Template_C'
[2015.02.26-00.42.52:775][801]LogAIModule: Creating AISystem for world DefaultMap
[2015.02.26-00.42.52:775][801]LogWorld: Bringing World /Game/Maps/UEDPIE_0_DefaultMap.DefaultMap up for play (max tick rate 0) at 2015.02.25-18.42.52
[2015.02.26-00.42.52:776][801]LogWorld: Bringing up level for play took: 0.000707
[2015.02.26-00.42.52:777][801]PIE: Info Play in editor start time for /Game/Maps/UEDPIE_0_DefaultMap 0.3
[2015.02.26-00.43.01:464][246]LogParticles: Destroying 0 GPU particle simulations for FXSystem 0x000000002CCF2160
[2015.02.26-00.43.08:163][545]BlueprintLog: New page: Pre-PIE auto-recompile
[2015.02.26-00.43.08:205][545]LogPlayLevel: [PIE] Compiling Pawn_Template before PIE...
[2015.02.26-00.43.08:344][545]LogPlayLevel: [PIE] Compiling HUD_Template before PIE...
[2015.02.26-00.43.08:501][545]LogPlayLevel: PIE:  Blueprint regeneration took 337 ms (2 blueprints)
[2015.02.26-00.43.08:501][545]PIE: New page: PIE session: DefaultMap (Feb 25, 2015, 12:43:08 PM)
[2015.02.26-00.43.08:503][545]LogPlayLevel: PIE: StaticDuplicateObject took: (0.001660s)
[2015.02.26-00.43.08:504][545]LogPlayLevel: PIE: World Init took: (0.000822s)
[2015.02.26-00.43.08:504][545]LogPlayLevel: PIE: Created PIE world by copying editor world from /Game/Maps/DefaultMap.DefaultMap to /Game/Maps/UEDPIE_0_DefaultMap.DefaultMap (0.002632s)
[2015.02.26-00.43.08:531][545]LogWorld: Game class is 'GM_Template_C'
[2015.02.26-00.43.08:533][545]LogAIModule: Creating AISystem for world DefaultMap
[2015.02.26-00.43.08:534][545]LogWorld: Bringing World /Game/Maps/UEDPIE_0_DefaultMap.DefaultMap up for play (max tick rate 0) at 2015.02.25-18.43.08
[2015.02.26-00.43.08:534][545]LogWorld: Bringing up level for play took: 0.000686
[2015.02.26-00.43.08:535][545]PIE: Info Play in editor start time for /Game/Maps/UEDPIE_0_DefaultMap 0.059
[2015.02.26-00.43.11:416][686]LogParticles: Destroying 0 GPU particle simulations for FXSystem 0x000000000EB571A0
[2015.02.26-00.44.18:500][809]LogUObjectGlobals:Warning: Failed to find object 'Object None.'
[2015.02.26-00.44.54:631][504]LogUObjectGlobals:Warning: Failed to find object 'Object None.'
[2015.02.26-00.44.54:631][504]LogUObjectGlobals:Warning: Failed to find object 'Object None.'
[2015.02.26-00.44.54:632][504]LogProperty:Warning: ObjectProperty /Script/Engine.EdGraphPin:LinkedTo.LinkedTo: unresolved reference to 'EdGraphPin'"K2Node_CommutativeAssociativeBinaryOperator_669.EdGraphPin_16749"''
[2015.02.26-00.45.13:353][378]LogUObjectGlobals:Warning: Failed to find object 'Object None.'
[2015.02.26-00.45.28:959][ 58]Cmd: OBJ SAVEPACKAGE PACKAGE="/Game/Blueprints/Pawn_Template" FILE="D:/github/unreal/glowskull/Content/Blueprints/Pawn_Template.uasset" SILENT=true
[2015.02.26-00.45.29:037][ 58]LogSavePackage: Save=66.742508ms
[2015.02.26-00.45.29:037][ 58]LogSavePackage: Moving 'D:/github/unreal/glowskull/Saved/Pawn_TemplateD76BE4B24E6BFC273ED29AB3C59711CD.tmp' to 'D:/github/unreal/glowskull/Content/Blueprints/Pawn_Template.uasset'
[2015.02.26-00.45.30:490][120]BlueprintLog: New page: Compile Pawn_Template
[2015.02.26-00.45.30:671][120]BlueprintEditorCompileResults: Info [1726.77] Compile of Pawn_Template successful! [in 145 ms]
[2015.02.26-00.45.32:000][173]BlueprintLog: New page: Pre-PIE auto-recompile
[2015.02.26-00.45.32:004][173]LogPlayLevel: [PIE] Compiling HUD_Template before PIE...
[2015.02.26-00.45.32:156][173]LogPlayLevel: PIE:  Blueprint regeneration took 156 ms (1 blueprints)
[2015.02.26-00.45.32:157][173]PIE: New page: PIE session: DefaultMap (Feb 25, 2015, 12:45:32 PM)
[2015.02.26-00.45.32:158][173]LogPlayLevel: PIE: StaticDuplicateObject took: (0.001669s)
[2015.02.26-00.45.32:159][173]LogPlayLevel: PIE: World Init took: (0.000790s)
[2015.02.26-00.45.32:159][173]LogPlayLevel: PIE: Created PIE world by copying editor world from /Game/Maps/DefaultMap.DefaultMap to /Game/Maps/UEDPIE_0_DefaultMap.DefaultMap (0.002605s)
[2015.02.26-00.45.32:190][173]LogWorld: Game class is 'GM_Template_C'
[2015.02.26-00.45.32:192][173]LogAIModule: Creating AISystem for world DefaultMap
[2015.02.26-00.45.32:193][173]LogWorld: Bringing World /Game/Maps/UEDPIE_0_DefaultMap.DefaultMap up for play (max tick rate 0) at 2015.02.25-18.45.32
[2015.02.26-00.45.32:193][173]LogWorld: Bringing up level for play took: 0.000684
[2015.02.26-00.45.32:194][173]PIE: Info Play in editor start time for /Game/Maps/UEDPIE_0_DefaultMap -0.284
[2015.02.26-00.45.36:690][395]LogParticles: Destroying 0 GPU particle simulations for FXSystem 0x0000000015162AC0
[2015.02.26-00.45.42:267][636]Cmd: OBJ SAVEPACKAGE PACKAGE="/Game/Maps/DefaultMap" FILE="D:/github/unreal/glowskull/Content/Maps/DefaultMap.umap" SILENT=true AUTOSAVING=false KEEPDIRTY=false
[2015.02.26-00.45.42:321][636]LogSavePackage: Save=23.393480ms
[2015.02.26-00.45.42:321][636]LogSavePackage: Moving 'D:/github/unreal/glowskull/Saved/DefaultMap305F66834FA306E8A9CED8AD1B455E19.tmp' to 'D:/github/unreal/glowskull/Content/Maps/DefaultMap.umap'
[2015.02.26-00.46.11:203][771]LogEditorViewport: Clicking on Actor (LMB): StaticMeshActor (SM_Template_Map_Floor)
[2015.02.26-00.46.11:213][771]LogPropertyNode:Warning: UI Min (0.001) >= UI Max () for Ranged Numeric
[2015.02.26-00.46.11:696][790]LogPlayLevel: PIE:  No blueprints needed recompiling
[2015.02.26-00.46.11:696][790]PIE: New page: PIE session: DefaultMap (Feb 25, 2015, 12:46:11 PM)
[2015.02.26-00.46.11:698][790]LogPlayLevel: PIE: StaticDuplicateObject took: (0.001539s)
[2015.02.26-00.46.11:699][790]LogPlayLevel: PIE: World Init took: (0.000779s)
[2015.02.26-00.46.11:699][790]LogPlayLevel: PIE: Created PIE world by copying editor world from /Game/Maps/DefaultMap.DefaultMap to /Game/Maps/UEDPIE_0_DefaultMap.DefaultMap (0.002458s)
[2015.02.26-00.46.11:726][790]LogWorld: Game class is 'GM_Template_C'
[2015.02.26-00.46.11:729][790]LogAIModule: Creating AISystem for world DefaultMap
[2015.02.26-00.46.11:729][790]LogWorld: Bringing World /Game/Maps/UEDPIE_0_DefaultMap.DefaultMap up for play (max tick rate 0) at 2015.02.25-18.46.11
[2015.02.26-00.46.11:730][790]LogWorld: Bringing up level for play took: 0.000701
[2015.02.26-00.46.11:731][790]PIE: Info Play in editor start time for /Game/Maps/UEDPIE_0_DefaultMap -0.748
[2015.02.26-00.46.13:766][890]LogPropertyNode:Warning: UI Min (0.001) >= UI Max () for Ranged Numeric
[2015.02.26-00.46.13:854][891]LogParticles: Destroying 0 GPU particle simulations for FXSystem 0x0000000011149DA0
[2015.02.26-00.46.30:753][407]LogParticles: Destroying 0 GPU particle simulations for FXSystem 0x0000000017A04B80
[2015.02.26-00.46.31:255][408]Cmd: QUIT_EDITOR
[2015.02.26-00.46.31:586][408]LogExit: Preparing to exit.
[2015.02.26-00.46.31:966][408]LogExit: Editor shut down
[2015.02.26-00.46.31:967][408]LogExit: Transaction tracking system shut down
[2015.02.26-00.46.31:968][408]LogParticles: Destroying 0 GPU particle simulations for FXSystem 0x000000000C5BE3E0
[2015.02.26-00.46.31:969][408]LogParticles: Destroying 0 GPU particle simulations for FXSystem 0x000000000C4B4A40
[2015.02.26-00.46.31:969][408]LogParticles: Destroying 0 GPU particle simulations for FXSystem 0x00000000105F99E0
[2015.02.26-00.46.31:969][408]LogParticles: Destroying 0 GPU particle simulations for FXSystem 0x00000000105F9440
[2015.02.26-00.46.32:019][408]LogExit: Object subsystem successfully closed.
[2015.02.26-00.46.32:078][408]LogModuleManager: Shutting down and abandoning module ExternalImagePicker (173)
[2015.02.26-00.46.32:078][408]LogModuleManager: Shutting down and abandoning module AndroidDeviceDetection (172)
[2015.02.26-00.46.32:078][408]LogModuleManager: Shutting down and abandoning module CrashTracker (171)
[2015.02.26-00.46.32:078][408]LogModuleManager: Shutting down and abandoning module SuperSearch (170)
[2015.02.26-00.46.32:078][408]LogModuleManager: Shutting down and abandoning module SceneOutliner (169)
[2015.02.26-00.46.32:078][408]LogModuleManager: Shutting down and abandoning module EditorWidgets (168)
[2015.02.26-00.46.32:078][408]LogModuleManager: Shutting down and abandoning module CollectionManager (167)
[2015.02.26-00.46.32:078][408]LogModuleManager: Shutting down and abandoning module StatsViewer (166)
[2015.02.26-00.46.32:078][408]LogModuleManager: Shutting down and abandoning module FoliageEdit (165)
[2015.02.26-00.46.32:078][408]LogModuleManager: Shutting down and abandoning module LandscapeEditor (164)
[2015.02.26-00.46.32:078][408]LogModuleManager: Shutting down and abandoning module MeshPaint (163)
[2015.02.26-00.46.32:078][408]LogModuleManager: Shutting down and abandoning module ActorPickerMode (162)
[2015.02.26-00.46.32:079][408]LogModuleManager: Shutting down and abandoning module GeometryMode (161)
[2015.02.26-00.46.32:079][408]LogModuleManager: Shutting down and abandoning module TextureAlignMode (160)
[2015.02.26-00.46.32:079][408]LogModuleManager: Shutting down and abandoning module BspMode (159)
[2015.02.26-00.46.32:079][408]LogModuleManager: Shutting down and abandoning module PlacementMode (158)
[2015.02.26-00.46.32:079][408]LogModuleManager: Shutting down and abandoning module AutomationWorker (157)
[2015.02.26-00.46.32:079][408]LogModuleManager: Shutting down and abandoning module CharacterAI (156)
[2015.02.26-00.46.32:079][408]LogModuleManager: Shutting down and abandoning module GameProjectGeneration (155)
[2015.02.26-00.46.32:079][408]LogModuleManager: Shutting down and abandoning module IntroTutorials (154)
[2015.02.26-00.46.32:079][408]LogModuleManager: Shutting down and abandoning module EditorLiveStreaming (153)
[2015.02.26-00.46.32:079][408]LogModuleManager: Shutting down and abandoning module HardwareTargeting (152)
[2015.02.26-00.46.32:079][408]LogModuleManager: Shutting down and abandoning module DeviceProfileEditor (151)
[2015.02.26-00.46.32:079][408]LogModuleManager: Shutting down and abandoning module UndoHistory (150)
[2015.02.26-00.46.32:079][408]LogModuleManager: Shutting down and abandoning module GameplayTagsEditor (149)
[2015.02.26-00.46.32:079][408]LogModuleManager: Shutting down and abandoning module UserFeedback (148)
[2015.02.26-00.46.32:079][408]LogModuleManager: Shutting down and abandoning module XmlParser (147)
[2015.02.26-00.46.32:079][408]LogModuleManager: Shutting down and abandoning module Blutility (146)
[2015.02.26-00.46.32:079][408]LogModuleManager: Shutting down and abandoning module IOSPlatformEditor (145)
[2015.02.26-00.46.32:080][408]LogModuleManager: Shutting down and abandoning module IOSRuntimeSettings (144)
[2015.02.26-00.46.32:080][408]LogModuleManager: Shutting down and abandoning module AndroidPlatformEditor (143)
[2015.02.26-00.46.32:080][408]LogModuleManager: Shutting down and abandoning module AndroidRuntimeSettings (142)
[2015.02.26-00.46.32:080][408]LogModuleManager: Shutting down and abandoning module ProjectTargetPlatformEditor (141)
[2015.02.26-00.46.32:080][408]LogModuleManager: Shutting down and abandoning module ProjectSettingsViewer (140)
[2015.02.26-00.46.32:080][408]LogModuleManager: Shutting down and abandoning module InputBindingEditor (139)
[2015.02.26-00.46.32:080][408]LogModuleManager: Shutting down and abandoning module EditorSettingsViewer (138)
[2015.02.26-00.46.32:080][408]LogModuleManager: Shutting down and abandoning module SettingsEditor (137)
[2015.02.26-00.46.32:080][408]LogModuleManager: Shutting down and abandoning module ProjectLauncher (136)
[2015.02.26-00.46.32:080][408]LogModuleManager: Shutting down and abandoning module SessionFrontend (135)
[2015.02.26-00.46.32:080][408]LogModuleManager: Shutting down and abandoning module ProfilerClient (134)
[2015.02.26-00.46.32:080][408]LogModuleManager: Shutting down and abandoning module TargetDeviceServices (133)
[2015.02.26-00.46.32:081][408]LogModuleManager: Shutting down and abandoning module DeviceManager (132)
[2015.02.26-00.46.32:081][408]LogModuleManager: Shutting down and abandoning module AutomationController (131)
[2015.02.26-00.46.32:081][408]LogModuleManager: Shutting down and abandoning module AutomationWindow (130)
[2015.02.26-00.46.32:081][408]LogModuleManager: Shutting down and abandoning module Layers (129)
[2015.02.26-00.46.32:081][408]LogModuleManager: Shutting down and abandoning module ComponentVisualizers (128)
[2015.02.26-00.46.32:081][408]LogModuleManager: Shutting down and abandoning module DetailCustomizations (127)
[2015.02.26-00.46.32:081][408]LogModuleManager: Shutting down and abandoning module PackagesDialog (126)
[2015.02.26-00.46.32:081][408]LogModuleManager: Shutting down and abandoning module AssetRegistry (125)
[2015.02.26-00.46.32:141][408]LogModuleManager: Shutting down and abandoning module Persona (124)
[2015.02.26-00.46.32:141][408]LogModuleManager: Shutting down and abandoning module Kismet (123)
[2015.02.26-00.46.32:141][408]LogModuleManager: Shutting down and abandoning module GraphEditor (122)
[2015.02.26-00.46.32:141][408]LogModuleManager: Shutting down and abandoning module ClassViewer (121)
[2015.02.26-00.46.32:141][408]LogModuleManager: Shutting down and abandoning module Toolbox (120)
[2015.02.26-00.46.32:141][408]LogModuleManager: Shutting down and abandoning module ModuleUI (119)
[2015.02.26-00.46.32:141][408]LogModuleManager: Shutting down and abandoning module MovieSceneTools (118)
[2015.02.26-00.46.32:142][408]LogModuleManager: Shutting down and abandoning module OutputLog (117)
[2015.02.26-00.46.32:142][408]LogModuleManager: Shutting down and abandoning module GammaUI (116)
[2015.02.26-00.46.32:142][408]LogModuleManager: Shutting down and abandoning module Documentation (115)
[2015.02.26-00.46.32:142][408]LogModuleManager: Shutting down and abandoning module GameLiveStreaming (114)
[2015.02.26-00.46.32:142][408]LogModuleManager: Shutting down and abandoning module StreamingPauseRendering (113)
[2015.02.26-00.46.32:142][408]LogModuleManager: Shutting down and abandoning module HTTP (112)
[2015.02.26-00.46.32:142][408]LogModuleManager: Shutting down and abandoning module AnalyticsET (111)
[2015.02.26-00.46.32:142][408]LogModuleManager: Shutting down and abandoning module Analytics (110)
[2015.02.26-00.46.32:142][408]LogModuleManager: Shutting down and abandoning module AITestSuite (109)
[2015.02.26-00.46.32:142][408]LogModuleManager: Shutting down and abandoning module AIModule (108)
[2015.02.26-00.46.32:142][408]LogModuleManager: Shutting down and abandoning module ProfilerService (107)
[2015.02.26-00.46.32:323][408]LogModuleManager: Shutting down and abandoning module TaskGraph (106)
[2015.02.26-00.46.32:323][408]LogModuleManager: Shutting down and abandoning module GameplayDebugger (105)
[2015.02.26-00.46.32:323][408]LogModuleManager: Shutting down and abandoning module SlateRemote (104)
[2015.02.26-00.46.32:323][408]LogModuleManager: Shutting down and abandoning module ScriptEditorPlugin (103)
[2015.02.26-00.46.32:323][408]LogModuleManager: Shutting down and abandoning module CustomMeshComponent (102)
[2015.02.26-00.46.32:323][408]LogModuleManager: Shutting down and abandoning module CableComponent (101)
[2015.02.26-00.46.32:323][408]LogModuleManager: Shutting down and abandoning module MessagingDebugger (100)
[2015.02.26-00.46.32:323][408]LogModuleManager: Shutting down and abandoning module MediaPlayerEditor (99)
[2015.02.26-00.46.32:323][408]LogModuleManager: Shutting down and abandoning module SpeedTreeImporter (98)
[2015.02.26-00.46.32:323][408]LogModuleManager: Shutting down and abandoning module PluginsEditor (97)
[2015.02.26-00.46.32:323][408]LogModuleManager: Shutting down and abandoning module EpicSurvey (96)
[2015.02.26-00.46.32:323][408]LogModuleManager: Shutting down and abandoning module DesktopPlatform (95)
[2015.02.26-00.46.32:323][408]LogModuleManager: Shutting down and abandoning module VisualStudioSourceCodeAccess (94)
[2015.02.26-00.46.32:323][408]LogModuleManager: Shutting down and abandoning module UObjectPlugin (93)
[2015.02.26-00.46.32:323][408]LogModuleManager: Shutting down and abandoning module SubversionSourceControl (92)
[2015.02.26-00.46.32:323][408]LogModuleManager: Shutting down and abandoning module SourceControl (91)
[2015.02.26-00.46.32:323][408]LogModuleManager: Shutting down and abandoning module PerforceSourceControl (90)
[2015.02.26-00.46.32:323][408]LogModuleManager: Shutting down and abandoning module BlankPlugin (89)
[2015.02.26-00.46.32:323][408]LogModuleManager: Shutting down and abandoning module SlateReflector (88)
[2015.02.26-00.46.32:323][408]LogModuleManager: Shutting down and abandoning module DirectoryWatcher (87)
[2015.02.26-00.46.32:323][408]LogModuleManager: Shutting down and abandoning module HotReload (86)
[2015.02.26-00.46.32:323][408]LogModuleManager: Shutting down and abandoning module MainFrame (85)
[2015.02.26-00.46.32:323][408]LogModuleManager: Shutting down and abandoning module LevelEditor (84)
[2015.02.26-00.46.32:325][408]LogModuleManager: Shutting down and abandoning module ViewportSnapping (83)
[2015.02.26-00.46.32:325][408]LogModuleManager: Shutting down and abandoning module SmartSnapping (82)
[2015.02.26-00.46.32:325][408]LogModuleManager: Shutting down and abandoning module PaperTiledImporter (81)
[2015.02.26-00.46.32:325][408]LogModuleManager: Shutting down and abandoning module PaperJsonImporter (80)
[2015.02.26-00.46.32:325][408]LogModuleManager: Shutting down and abandoning module ContentBrowser (79)
[2015.02.26-00.46.32:325][408]LogModuleManager: Shutting down and abandoning module Paper2DEditor (78)
[2015.02.26-00.46.32:325][408]LogModuleManager: Shutting down and abandoning module ScriptPlugin (77)
[2015.02.26-00.46.32:325][408]LogModuleManager: Shutting down and abandoning module UdpMessaging (76)
[2015.02.26-00.46.32:425][408]LogModuleManager: Shutting down and abandoning module Paper2D (75)
[2015.02.26-00.46.32:425][408]LogModuleManager: Shutting down and abandoning module UE4Game (74)
[2015.02.26-00.46.32:425][408]LogModuleManager: Shutting down and abandoning module WindowsMoviePlayer (73)
[2015.02.26-00.46.32:429][408]LogModuleManager: Shutting down and abandoning module Media (72)
[2015.02.26-00.46.32:429][408]LogModuleManager: Shutting down and abandoning module WmfMedia (71)
[2015.02.26-00.46.32:430][408]LogModuleManager: Shutting down and abandoning module OnlineBlueprintSupport (70)
[2015.02.26-00.46.32:430][408]LogModuleManager: Shutting down and abandoning module PropertyEditor (69)
[2015.02.26-00.46.32:430][408]LogModuleManager: Shutting down and abandoning module BehaviorTreeEditor (68)
[2015.02.26-00.46.32:430][408]LogModuleManager: Shutting down and abandoning module FunctionalTesting (67)
[2015.02.26-00.46.32:430][408]LogModuleManager: Shutting down and abandoning module CollisionAnalyzer (66)
[2015.02.26-00.46.32:430][408]LogModuleManager: Shutting down and abandoning module WorkspaceMenuStructure (65)
[2015.02.26-00.46.32:430][408]LogModuleManager: Shutting down and abandoning module MessageLog (64)
[2015.02.26-00.46.32:430][408]LogModuleManager: Shutting down and abandoning module Sequencer (63)
[2015.02.26-00.46.32:430][408]LogModuleManager: Shutting down and abandoning module AssetTools (62)
[2015.02.26-00.46.32:430][408]LogModuleManager: Shutting down and abandoning module UMGEditor (61)
[2015.02.26-00.46.32:430][408]LogModuleManager: Shutting down and abandoning module UMG (60)
[2015.02.26-00.46.32:430][408]LogModuleManager: Shutting down and abandoning module Slate (59)
[2015.02.26-00.46.32:430][408]LogModuleManager: Shutting down and abandoning module EditorStyle (58)
[2015.02.26-00.46.32:433][408]LogModuleManager: Shutting down and abandoning module SessionServices (57)
[2015.02.26-00.46.32:433][408]LogModuleManager: Shutting down and abandoning module SourceCodeAccess (56)
[2015.02.26-00.46.32:433][408]LogModuleManager: Shutting down and abandoning module HeadMountedDisplay (55)
[2015.02.26-00.46.32:433][408]LogModuleManager: Shutting down and abandoning module XAudio2 (54)
[2015.02.26-00.46.32:433][408]LogModuleManager: Shutting down and abandoning module Networking (52)
[2015.02.26-00.46.32:433][408]LogModuleManager: Shutting down and abandoning module Core (51)
[2015.02.26-00.46.32:433][408]LogModuleManager: Shutting down and abandoning module KismetCompiler (50)
[2015.02.26-00.46.32:433][408]LogModuleManager: Shutting down and abandoning module PhysXFormats (49)
[2015.02.26-00.46.32:433][408]LogModuleManager: Shutting down and abandoning module MeshUtilities (48)
[2015.02.26-00.46.32:433][408]LogModuleManager: Shutting down and abandoning module DerivedDataCache (47)
[2015.02.26-00.46.32:438][408]LogDerivedDataCache: Shutdown
[2015.02.26-00.46.32:438][408]LogModuleManager: Shutting down and abandoning module ShaderFormatOpenGL (46)
[2015.02.26-00.46.32:438][408]LogModuleManager: Shutting down and abandoning module ShaderFormatD3D (45)
[2015.02.26-00.46.32:438][408]LogModuleManager: Shutting down and abandoning module MetalShaderFormat (44)
[2015.02.26-00.46.32:438][408]LogModuleManager: Shutting down and abandoning module TextureFormatUncompressed (43)
[2015.02.26-00.46.32:438][408]LogModuleManager: Shutting down and abandoning module TextureFormatPVR (42)
[2015.02.26-00.46.32:438][408]LogModuleManager: Shutting down and abandoning module TextureFormatDXT (41)
[2015.02.26-00.46.32:438][408]LogModuleManager: Shutting down and abandoning module TextureFormatAndroid (40)
[2015.02.26-00.46.32:438][408]LogModuleManager: Shutting down and abandoning module AudioFormatOpus (39)
[2015.02.26-00.46.32:438][408]LogModuleManager: Shutting down and abandoning module AudioFormatOgg (38)
[2015.02.26-00.46.32:438][408]LogModuleManager: Shutting down and abandoning module AudioFormatADPCM (37)
[2015.02.26-00.46.32:438][408]LogModuleManager: Shutting down and abandoning module LinuxTargetPlatform (36)
[2015.02.26-00.46.32:438][408]LogModuleManager: Shutting down and abandoning module LinuxServerTargetPlatform (35)
[2015.02.26-00.46.32:438][408]LogModuleManager: Shutting down and abandoning module LinuxNoEditorTargetPlatform (34)
[2015.02.26-00.46.32:438][408]LogModuleManager: Shutting down and abandoning module Messaging (33)
[2015.02.26-00.46.32:438][408]LogModuleManager: Shutting down and abandoning module IOSTargetPlatform (32)
[2015.02.26-00.46.32:438][408]LogModuleManager: Shutting down and abandoning module Android_PVRTCTargetPlatform (31)
[2015.02.26-00.46.32:438][408]LogModuleManager: Shutting down and abandoning module Android_ETC2TargetPlatform (30)
[2015.02.26-00.46.32:438][408]LogModuleManager: Shutting down and abandoning module Android_ETC1TargetPlatform (29)
[2015.02.26-00.46.32:438][408]LogModuleManager: Shutting down and abandoning module Android_DXTTargetPlatform (28)
[2015.02.26-00.46.32:438][408]LogModuleManager: Shutting down and abandoning module Android_ATCTargetPlatform (27)
[2015.02.26-00.46.32:438][408]LogModuleManager: Shutting down and abandoning module AndroidTargetPlatform (26)
[2015.02.26-00.46.32:438][408]LogModuleManager: Shutting down and abandoning module WindowsTargetPlatform (25)
[2015.02.26-00.46.32:438][408]LogModuleManager: Shutting down and abandoning module WindowsServerTargetPlatform (24)
[2015.02.26-00.46.32:438][408]LogModuleManager: Shutting down and abandoning module WindowsNoEditorTargetPlatform (23)
[2015.02.26-00.46.32:438][408]LogModuleManager: Shutting down and abandoning module WindowsClientTargetPlatform (22)
[2015.02.26-00.46.32:438][408]LogModuleManager: Shutting down and abandoning module TargetPlatform (21)
[2015.02.26-00.46.32:438][408]LogModuleManager: Shutting down and abandoning module InputCore (20)
[2015.02.26-00.46.32:438][408]LogModuleManager: Shutting down and abandoning module Settings (19)
[2015.02.26-00.46.32:438][408]LogModuleManager: Shutting down and abandoning module ImageWrapper (18)
[2015.02.26-00.46.32:438][408]LogModuleManager: Shutting down and abandoning module OculusRift (15)
[2015.02.26-00.46.32:438][408]LogModuleManager: Shutting down and abandoning module ExampleDeviceProfileSelector (14)
[2015.02.26-00.46.32:438][408]LogModuleManager: Shutting down and abandoning module TextureCompressor (13)
[2015.02.26-00.46.32:438][408]LogModuleManager: Shutting down and abandoning module ShaderCore (12)
[2015.02.26-00.46.32:438][408]LogModuleManager: Shutting down and abandoning module Landscape (11)
[2015.02.26-00.46.32:438][408]LogModuleManager: Shutting down and abandoning module SlateRHIRenderer (10)
[2015.02.26-00.46.32:441][408]LogModuleManager: Shutting down and abandoning module OpenGLDrv (9)
[2015.02.26-00.46.32:441][408]LogModuleManager: Shutting down and abandoning module D3D11RHI (8)
[2015.02.26-00.46.32:441][408]LogModuleManager: Shutting down and abandoning module Renderer (7)
[2015.02.26-00.46.32:441][408]LogModuleManager: Shutting down and abandoning module Engine (6)
[2015.02.26-00.46.32:441][408]LogModuleManager: Shutting down and abandoning module CoreUObject (5)
[2015.02.26-00.46.32:441][408]LogModuleManager: Shutting down and abandoning module NetworkFile (4)
[2015.02.26-00.46.32:441][408]LogModuleManager: Shutting down and abandoning module StreamingFile (3)
[2015.02.26-00.46.32:441][408]LogModuleManager: Shutting down and abandoning module SandboxFile (2)
[2015.02.26-00.46.32:441][408]LogModuleManager: Shutting down and abandoning module PakFile (1)
[2015.02.26-00.46.32:442][408]LogExit: Exiting.
[2015.02.26-00.46.32:452][408]Log file closed, 02/25/15 18:46:32
