Log file open, 02/27/15 12:52:50
LogInit:Display: Running engine for game: glowskull
LogInit: Version: 4.6.1-2386410+++depot+UE4-Releases+4.6
LogInit: API Version: 2369412
LogInit: Compiled (64-bit): Dec 11 2014 21:31:39
LogInit: Compiled with Visual C++: 18.00.21005.01
LogInit: Build Configuration: Development
LogInit: Branch Name: ++depot+UE4-Releases+4.6
LogInit: Command line: 
LogInit: Base directory: C:/Program Files/Epic Games/4.6/Engine/Binaries/Win64/
LogInit: Rocket: 1
[2015.02.27-18.52.50:046][  0]LogTaskGraph: Started task graph with 3 named threads and 6 total threads.
[2015.02.27-18.52.50:095][  0]LogOnline:Warning: No default platform service specified for OnlineSubsystem
[2015.02.27-18.52.50:113][  0]LogInit: Presizing for 0 objects not considered by GC, pre-allocating 0 bytes.
[2015.02.27-18.52.50:123][  0]LogInit: Object subsystem initialized
[2015.02.27-18.52.50:125][  0]LogConsoleResponse:Warning: Skipping Unknown console variable: 'UIScaleRule = ShortestSide'
[2015.02.27-18.52.50:125][  0]LogConsoleResponse:Warning:   Found in ini file 'D:/github/unreal/glowskull/Saved/Config/Windows/Engine.ini', in section '[/Script/Engine.RendererSettings]'
[2015.02.27-18.52.50:125][  0]LogConsoleResponse:Warning: Skipping Unknown console variable: 'UIScaleCurve = (EditorCurveData=(Keys=),ExternalCurve=None)'
[2015.02.27-18.52.50:125][  0]LogConsoleResponse:Warning:   Found in ini file 'D:/github/unreal/glowskull/Saved/Config/Windows/Engine.ini', in section '[/Script/Engine.RendererSettings]'
[2015.02.27-18.52.50:125][  0]LogConsoleManager:Warning: Console variable 'r.MSAA.CompositingSampleCount' wasn't set (Priority ProjectSetting < Scalability)
[2015.02.27-18.52.50:125][  0]LogInit: Selected Device Profile: [Windows]
[2015.02.27-18.52.50:125][  0]LogInit: Applying CVar settings loaded from the selected device profile: [Windows]
[2015.02.27-18.52.50:130][  0]LogInit: Computer: 15BABB-J76A
[2015.02.27-18.52.50:130][  0]LogInit: User: sneurlax
[2015.02.27-18.52.50:130][  0]LogInit: CPU Page size=4096, Cores=4
[2015.02.27-18.52.50:130][  0]LogInit: High frequency timer resolution =3.919501 MHz
[2015.02.27-18.52.50:130][  0]LogMemory: Memory total: Physical=19.9GB (20GB approx) Virtual=8192.0GB
[2015.02.27-18.52.50:130][  0]LogMemory: Platform Memory Stats for Windows
[2015.02.27-18.52.50:130][  0]LogMemory: Process Physical Memory: 48.02 MB used, 48.02 MB peak
[2015.02.27-18.52.50:130][  0]LogMemory: Process Virtual Memory: 23.96 MB used, 23.96 MB peak
[2015.02.27-18.52.50:130][  0]LogMemory: Physical Memory: 4154.26 MB used, 20378.99 MB total
[2015.02.27-18.52.50:130][  0]LogMemory: Virtual Memory: 261.83 MB used, 8388608.00 MB total
[2015.02.27-18.52.50:154][  0]LogD3D11RHI: Found D3D11 adapter 0: AMD Radeon HD 7800 Series (Feature Level 11_0)
[2015.02.27-18.52.50:154][  0]LogD3D11RHI: Adapter has 2027MB of dedicated video memory, 0MB of dedicated system memory, and 3840MB of shared system memory, 3 output[s]
[2015.02.27-18.52.50:154][  0]LogD3D11RHI: Chosen D3D11 Adapter Id = 0
[2015.02.27-18.52.50:161][  0]LogRHI: Texture pool is 1361 MB (70% of 1945 MB)
[2015.02.27-18.52.50:166][  0]LogD3D11RHI: Async texture creation disabled: no driver support
[2015.02.27-18.52.50:223][  0]LogTextLocalizationManager: The requested culture ('en_US') has no localization data; parent culture's ('en') localization data will be used.
[2015.02.27-18.52.50:362][  0]LogContentStreaming: Texture pool size is 0.000000MB
[2015.02.27-18.52.55:646][  0]LogTargetPlatformManager:Display: Building Assets For Windows
[2015.02.27-18.52.56:074][  0]LogTargetPlatformManager:Display: Building Assets For Windows
[2015.02.27-18.52.56:127][  0]LogDerivedDataCache:Display: Max Cache Size: 512 MB
[2015.02.27-18.52.56:193][  0]LogDerivedDataCache: Loaded boot cache 0.07s 39MB C:/Users/sneurlax/AppData/Local/UnrealEngine/4.6/DerivedDataCache/Boot.ddc.
[2015.02.27-18.52.56:193][  0]LogDerivedDataCache:Display: Loaded Boot cache: C:/Users/sneurlax/AppData/Local/UnrealEngine/4.6/DerivedDataCache/Boot.ddc
[2015.02.27-18.52.56:193][  0]LogDerivedDataCache: FDerivedDataBackendGraph:  Pak pak cache file D:/github/unreal/glowskull/DerivedDataCache/DDC.ddp not found, will not use a pak cache.
[2015.02.27-18.52.56:193][  0]LogDerivedDataCache: Unable to find inner node Pak for hierarchical cache Hierarchy.
[2015.02.27-18.52.56:255][  0]LogDerivedDataCache:Display: Pak cache opened for reading ../../../Engine/DerivedDataCache/DDC.ddp.
[2015.02.27-18.52.56:267][  0]LogDerivedDataCache: Using Local data cache path C:/Users/sneurlax/AppData/Local/UnrealEngine/Common/DerivedDataCache: Writable
[2015.02.27-18.52.56:418][  0]LogCollisionProfile:Warning: Profile (UI) - Custom Channel Name = 'Weapon' hasn't been found
[2015.02.27-18.52.56:566][  0]LogMeshUtilities: No automatic mesh reduction module available
[2015.02.27-18.52.56:566][  0]LogMeshUtilities: No automatic mesh merging module available
[2015.02.27-18.52.57:065][  0]LogInit: WinSock: version 1.1 (2.2), MaxSocks=32767, MaxUdp=65467
[2015.02.27-18.52.57:223][  0]LogSlate:Warning: Failed to load font data from '../../../Engine/Content/Slate/Fonts/Roboto-Italic.ttf'
[2015.02.27-18.52.58:212][  0]UdpMessaging: Initializing bridge on interface 0.0.0.0:0 to multicast group 230.0.0.1:6666.
[2015.02.27-18.52.58:365][  0]LogDirectoryWatcher:Warning: Failed to begin reading directory changes for D:/github/unreal/glowskull/Binaries/Win64. Error: 0
[2015.02.27-18.52.58:514][  0]SourceControl: Info Source control is disabled
[2015.02.27-18.52.58:514][  0]SourceControl: Info Source control is disabled
[2015.02.27-18.52.58:521][  0]SourceControl: Info Source control is disabled
[2015.02.27-18.52.58:642][  0]LogObj: 23754 objects as part of root set at end of initial load.
[2015.02.27-18.52.58:642][  0]LogUObjectAllocator: 5168136 out of 0 bytes used by permanent object pool.
[2015.02.27-18.52.58:699][  0]LogEngine: Initializing Engine...
[2015.02.27-18.52.58:859][  0]LogInit: XAudio2 using 'Speakers (Realtek High Definition Audio)' : 2 channels at 48 kHz using 32 bits per sample (channel mask 0x3)
[2015.02.27-18.52.58:870][  0]LogInit: FAudioDevice initialized.
[2015.02.27-18.52.58:889][  0]LogAIModule: Creating AISystem for world NewWorld
[2015.02.27-18.52.58:925][  0]LogDerivedDataCache: Saved boot cache 0.03s 39MB C:/Users/sneurlax/AppData/Local/UnrealEngine/4.6/DerivedDataCache/Boot.ddc.
[2015.02.27-18.52.58:936][  0]LogInit: Texture streaming: Enabled
[2015.02.27-18.52.58:967][  0]LogAnalytics: Creating configured Analytics provider AnalyticsET
[2015.02.27-18.52.58:967][  0]LogAnalytics: ET APIKey = Rocket.Release. APIServer = http://et2.epicgames.com/ET2/. AppVersion = 4.6.1-2386410+++depot+UE4-Releases+4.6
[2015.02.27-18.52.58:969][  0]LogAnalytics: SetUserId 725d5cc955e448d80a109988b21e8168
[2015.02.27-18.52.58:969][  0]LogAnalytics: AnalyticsET::StartSession [Rocket.Release]
[2015.02.27-18.52.58:986][  0]LogInit: Transaction tracking system initialized
[2015.02.27-18.52.59:076][  0]BlueprintLog: New page: Editor Load
[2015.02.27-18.52.59:104][  0]LogAssetRegistry: FAssetRegistry took 0.0100 seconds to start up
[2015.02.27-18.52.59:104][  0]LogDirectoryWatcher:Warning: Failed to begin reading directory changes for ../../../Engine/Plugins/Experimental/CharacterAI/Content/. Error: 0
[2015.02.27-18.52.59:604][  0]LogTargetPlatformManager:Display: Building Assets For Windows
[2015.02.27-18.52.59:944][  0]LogTargetPlatformManager:Display: Building Assets For Windows
[2015.02.27-18.53.00:113][  0]LogConsoleResponse:Display: 
[2015.02.27-18.53.00:157][  0]LogLinker:Warning: Asset '../../../Engine/Content/Functions/Engine_MaterialFunctions03/Procedurals/ComputeFilterWidth.uasset' has been saved with empty engine version. The asset will be loaded but may be incompatible.
[2015.02.27-18.53.00:338][  0]SourceControl: Info Source control is disabled
[2015.02.27-18.53.00:338][  0]Cmd: MAP LOAD FILE="D:/github/unreal/glowskull/Content/Maps/DefaultMap.umap" TEMPLATE=0 SHOWPROGRESS=1
[2015.02.27-18.53.00:355][  0]LightingResults: New page: Lighting Build
[2015.02.27-18.53.00:364][  0]MapCheck: New page: Map Check
[2015.02.27-18.53.00:364][  0]LightingResults: New page: Lighting Build
[2015.02.27-18.53.00:374][  0]LogParticles: Destroying 0 GPU particle simulations for FXSystem 0x00000000134E99E0
[2015.02.27-18.53.01:150][  0]LogEditorServer: Finished looking for orphan Actors (0.000 secs)
[2015.02.27-18.53.01:150][  0]LogAIModule: Creating AISystem for world DefaultMap
[2015.02.27-18.53.01:151][  0]Cmd: MAP CHECKDEP
[2015.02.27-18.53.01:151][  0]MapCheck: New page: DefaultMap - Feb 27, 2015, 6:53:01 AM
[2015.02.27-18.53.01:228][  0]MapCheck: Info Map check complete: 0 Error(s), 0 Warning(s), took 77.199ms to complete.
[2015.02.27-18.53.01:228][  0]LogFileHelpers: Loading map 'DefaultMap' took 0.890
[2015.02.27-18.53.01:451][  0]LogCollectionManager: Loaded 0 collections in 0.001016 seconds
[2015.02.27-18.53.01:631][  0]LogCrashTracker: Crashtracker disabled due to settings.
[2015.02.27-18.53.01:640][  0]LogUObjectGlobals:Warning: Failed to find object 'Class None.'
[2015.02.27-18.53.01:668][  0]LogLoad: Full Startup: 13.65 seconds (BP compile: 0.20 seconds)
[2015.02.27-18.53.01:681][  0]LogContentBrowser:Verbose: The content browser source was changed by the sources view to '/Game/Blueprints'
[2015.02.27-18.53.01:845][  0]LogRenderer:Warning: Reallocating scene render targets to support 1136x904.
[2015.02.27-18.53.02:110][  2]LogAssetRegistry: Asset discovery search completed in 3.0169 seconds
[2015.02.27-18.53.07:729][ 36]LogEditorViewport: Clicking on Actor (LMB): BP_Sky_Sphere_C (BP_Sky_Shere)
[2015.02.27-18.53.10:148][223]LogPlayLevel: PIE:  No blueprints needed recompiling
[2015.02.27-18.53.10:148][223]PIE: New page: PIE session: DefaultMap (Feb 27, 2015, 6:53:10 AM)
[2015.02.27-18.53.10:150][223]LogPlayLevel: PIE: StaticDuplicateObject took: (0.001907s)
[2015.02.27-18.53.10:151][223]LogPlayLevel: PIE: World Init took: (0.000796s)
[2015.02.27-18.53.10:151][223]LogPlayLevel: PIE: Created PIE world by copying editor world from /Game/Maps/DefaultMap.DefaultMap to /Game/Maps/UEDPIE_0_DefaultMap.DefaultMap (0.002867s)
[2015.02.27-18.53.10:198][223]LogWorld: Game class is 'GM_Template_C'
[2015.02.27-18.53.10:203][223]LogAIModule: Creating AISystem for world DefaultMap
[2015.02.27-18.53.10:204][223]LogWorld: Bringing World /Game/Maps/UEDPIE_0_DefaultMap.DefaultMap up for play (max tick rate 0) at 2015.02.27-12.53.10
[2015.02.27-18.53.10:204][223]LogWorld: Bringing up level for play took: 0.000705
[2015.02.27-18.53.10:207][223]PIE: Info Play in editor start time for /Game/Maps/UEDPIE_0_DefaultMap 0.841
[2015.02.27-18.54.24:946][125]LogParticles: Destroying 0 GPU particle simulations for FXSystem 0x000000001FB4A660
[2015.02.27-18.55.18:673][293]LogEditorTransaction: Undo AddPin
[2015.02.27-18.55.51:527][784]LogEditorViewport: Clicking on Actor (LMB): StaticMeshActor (SM_Template_Map_Floor)
[2015.02.27-18.55.51:541][784]LogPropertyNode:Warning: UI Min (0.001) >= UI Max () for Ranged Numeric
[2015.02.27-18.55.54:412][899]BlueprintLog: New page: Pre-PIE auto-recompile
[2015.02.27-18.55.54:432][899]LogPlayLevel: [PIE] Compiling Pawn_Template before PIE...
[2015.02.27-18.55.54:562][899]LogPlayLevel: [PIE] Compiling Tutorial_BP_MacroLib before PIE...
[2015.02.27-18.55.54:610][899]LogPlayLevel: [PIE] Compiling HUD_Template before PIE...
[2015.02.27-18.55.54:781][899]LogPlayLevel: PIE:  Blueprint regeneration took 369 ms (3 blueprints)
[2015.02.27-18.55.54:782][899]PIE: New page: PIE session: DefaultMap (Feb 27, 2015, 6:55:54 AM)
[2015.02.27-18.55.54:784][899]LogPlayLevel: PIE: StaticDuplicateObject took: (0.001746s)
[2015.02.27-18.55.54:786][899]LogPlayLevel: PIE: World Init took: (0.002085s)
[2015.02.27-18.55.54:786][899]LogPlayLevel: PIE: Created PIE world by copying editor world from /Game/Maps/DefaultMap.DefaultMap to /Game/Maps/UEDPIE_0_DefaultMap.DefaultMap (0.004131s)
[2015.02.27-18.55.54:812][899]LogWorld: Game class is 'GM_Template_C'
[2015.02.27-18.55.54:814][899]LogAIModule: Creating AISystem for world DefaultMap
[2015.02.27-18.55.54:815][899]LogWorld: Bringing World /Game/Maps/UEDPIE_0_DefaultMap.DefaultMap up for play (max tick rate 0) at 2015.02.27-12.55.54
[2015.02.27-18.55.54:815][899]LogWorld: Bringing up level for play took: 0.000679
[2015.02.27-18.55.54:816][899]PIE: Info Play in editor start time for /Game/Maps/UEDPIE_0_DefaultMap -0.551
[2015.02.27-18.55.56:876][994]LogPropertyNode:Warning: UI Min (0.001) >= UI Max () for Ranged Numeric
[2015.02.27-18.55.56:961][995]LogParticles: Destroying 0 GPU particle simulations for FXSystem 0x0000000018B011C0
[2015.02.27-18.57.17:463][377]LogUObjectGlobals:Warning: Failed to find object 'Object None.'
[2015.02.27-18.57.44:938][526]LogUObjectGlobals:Warning: Failed to find object 'Object None.'
[2015.02.27-18.57.44:938][526]LogUObjectGlobals:Warning: Failed to find object 'Object None.'
[2015.02.27-19.00.17:429][946]BlueprintLog: New page: Compile Pawn_Template
[2015.02.27-19.00.17:620][946]BlueprintEditorCompileResults: Info [0449.60] Compile of Pawn_Template successful! [in 147 ms]
[2015.02.27-19.00.18:216][968]BlueprintLog: New page: Pre-PIE auto-recompile
[2015.02.27-19.00.18:221][968]LogPlayLevel: [PIE] Compiling HUD_Template before PIE...
[2015.02.27-19.00.18:377][968]LogPlayLevel: PIE:  Blueprint regeneration took 160 ms (1 blueprints)
[2015.02.27-19.00.18:377][968]PIE: New page: PIE session: DefaultMap (Feb 27, 2015, 7:00:18 AM)
[2015.02.27-19.00.18:379][968]LogPlayLevel: PIE: StaticDuplicateObject took: (0.001656s)
[2015.02.27-19.00.18:380][968]LogPlayLevel: PIE: World Init took: (0.000867s)
[2015.02.27-19.00.18:380][968]LogPlayLevel: PIE: Created PIE world by copying editor world from /Game/Maps/DefaultMap.DefaultMap to /Game/Maps/UEDPIE_0_DefaultMap.DefaultMap (0.002700s)
[2015.02.27-19.00.18:408][968]LogWorld: Game class is 'GM_Template_C'
[2015.02.27-19.00.18:410][968]LogAIModule: Creating AISystem for world DefaultMap
[2015.02.27-19.00.18:411][968]LogWorld: Bringing World /Game/Maps/UEDPIE_0_DefaultMap.DefaultMap up for play (max tick rate 0) at 2015.02.27-13.00.18
[2015.02.27-19.00.18:411][968]LogWorld: Bringing up level for play took: 0.000688
[2015.02.27-19.00.18:412][968]PIE: Info Play in editor start time for /Game/Maps/UEDPIE_0_DefaultMap 1.042
[2015.02.27-19.00.26:210][334]LogPropertyNode:Warning: UI Min (0.001) >= UI Max () for Ranged Numeric
[2015.02.27-19.00.26:309][335]LogParticles: Destroying 0 GPU particle simulations for FXSystem 0x000000001CC92200
[2015.02.27-19.02.17:193][998]BlueprintLog: New page: Compile Pawn_Template
[2015.02.27-19.02.17:367][998]BlueprintEditorCompileResults: Info [0569.34] Compile of Pawn_Template successful! [in 134 ms]
[2015.02.27-19.02.17:780][ 12]BlueprintLog: New page: Pre-PIE auto-recompile
[2015.02.27-19.02.17:785][ 12]LogPlayLevel: [PIE] Compiling HUD_Template before PIE...
[2015.02.27-19.02.17:936][ 12]LogPlayLevel: PIE:  Blueprint regeneration took 155 ms (1 blueprints)
[2015.02.27-19.02.17:936][ 12]PIE: New page: PIE session: DefaultMap (Feb 27, 2015, 7:02:17 AM)
[2015.02.27-19.02.17:938][ 12]LogPlayLevel: PIE: StaticDuplicateObject took: (0.001672s)
[2015.02.27-19.02.17:939][ 12]LogPlayLevel: PIE: World Init took: (0.000857s)
[2015.02.27-19.02.17:939][ 12]LogPlayLevel: PIE: Created PIE world by copying editor world from /Game/Maps/DefaultMap.DefaultMap to /Game/Maps/UEDPIE_0_DefaultMap.DefaultMap (0.002680s)
[2015.02.27-19.02.17:969][ 12]LogWorld: Game class is 'GM_Template_C'
[2015.02.27-19.02.17:972][ 12]LogAIModule: Creating AISystem for world DefaultMap
[2015.02.27-19.02.17:972][ 12]LogWorld: Bringing World /Game/Maps/UEDPIE_0_DefaultMap.DefaultMap up for play (max tick rate 0) at 2015.02.27-13.02.17
[2015.02.27-19.02.17:973][ 12]LogWorld: Bringing up level for play took: 0.000751
[2015.02.27-19.02.17:974][ 12]PIE: Info Play in editor start time for /Game/Maps/UEDPIE_0_DefaultMap 0.602
[2015.02.27-19.02.29:517][549]LogPropertyNode:Warning: UI Min (0.001) >= UI Max () for Ranged Numeric
[2015.02.27-19.02.29:609][550]LogParticles: Destroying 0 GPU particle simulations for FXSystem 0x0000000023CA51C0
[2015.02.27-19.04.38:801][263]LogFileHelpers: Editor autosave (incl. sublevels) for '/Game/Maps/DefaultMap' took 0.032
[2015.02.27-19.04.38:887][263]OBJ SavePackage: Generating thumbnails for [0] asset(s) in package [/Game/Blueprints/HUD_Template] ([1] browsable assets)...
[2015.02.27-19.04.38:887][263]OBJ SavePackage: Finished generating thumbnails for package [/Game/Blueprints/HUD_Template]
[2015.02.27-19.04.38:905][263]Cmd: OBJ SAVEPACKAGE PACKAGE="/Game/Blueprints/HUD_Template" FILE="D:/github/unreal/glowskull/Saved/Autosaves/Game/Blueprints/HUD_Template_Auto1.uasset" SILENT=false AUTOSAVING=true
[2015.02.27-19.04.39:096][263]LogSavePackage: Save=181.538925ms
[2015.02.27-19.04.39:096][263]LogSavePackage: Moving 'D:/github/unreal/glowskull/Saved/HUD_Template_Auto17EBB046A488847EE7E846F800CD1B169.tmp' to 'D:/github/unreal/glowskull/Saved/Autosaves/Game/Blueprints/HUD_Template_Auto1.uasset'
[2015.02.27-19.04.39:177][263]OBJ SavePackage: Generating thumbnails for [0] asset(s) in package [/Game/Blueprints/Pawn_Template] ([1] browsable assets)...
[2015.02.27-19.04.39:177][263]OBJ SavePackage: Finished generating thumbnails for package [/Game/Blueprints/Pawn_Template]
[2015.02.27-19.04.39:186][263]Cmd: OBJ SAVEPACKAGE PACKAGE="/Game/Blueprints/Pawn_Template" FILE="D:/github/unreal/glowskull/Saved/Autosaves/Game/Blueprints/Pawn_Template_Auto1.uasset" SILENT=false AUTOSAVING=true
[2015.02.27-19.04.39:347][263]LogSavePackage: Save=154.622742ms
[2015.02.27-19.04.39:347][263]LogSavePackage: Moving 'D:/github/unreal/glowskull/Saved/Pawn_Template_Auto14C4E53DC400E46B959BF0D9DFA79A5A0.tmp' to 'D:/github/unreal/glowskull/Saved/Autosaves/Game/Blueprints/Pawn_Template_Auto1.uasset'
[2015.02.27-19.04.39:350][263]LogFileHelpers: Auto-saving content packages took 0.549
[2015.02.27-19.04.43:879][602]LogParticles: Destroying 0 GPU particle simulations for FXSystem 0x000000002623C400
[2015.02.27-19.04.43:880][602]LogParticles: Destroying 0 GPU particle simulations for FXSystem 0x00000000228087C0
[2015.02.27-19.04.45:696][602]Cmd: OBJ SAVEPACKAGE PACKAGE="/Game/Blueprints/HUD_Template" FILE="D:/github/unreal/glowskull/Content/Blueprints/HUD_Template.uasset" SILENT=true
[2015.02.27-19.04.45:789][602]LogSavePackage: Save=88.107132ms
[2015.02.27-19.04.45:789][602]LogSavePackage: Moving 'D:/github/unreal/glowskull/Saved/HUD_Template89EA85BD43E251BBA78EC9A2266451CF.tmp' to 'D:/github/unreal/glowskull/Content/Blueprints/HUD_Template.uasset'
[2015.02.27-19.04.45:796][602]Cmd: OBJ SAVEPACKAGE PACKAGE="/Game/Blueprints/Pawn_Template" FILE="D:/github/unreal/glowskull/Content/Blueprints/Pawn_Template.uasset" SILENT=true
[2015.02.27-19.04.45:874][602]LogSavePackage: Save=74.930969ms
[2015.02.27-19.04.45:874][602]LogSavePackage: Moving 'D:/github/unreal/glowskull/Saved/Pawn_TemplateD840790B423E37F53CB71B94FFD39D2B.tmp' to 'D:/github/unreal/glowskull/Content/Blueprints/Pawn_Template.uasset'
[2015.02.27-19.04.46:352][603]Cmd: QUIT_EDITOR
[2015.02.27-19.04.46:679][603]LogExit: Preparing to exit.
[2015.02.27-19.04.47:366][603]LogExit: Editor shut down
[2015.02.27-19.04.47:366][603]LogExit: Transaction tracking system shut down
[2015.02.27-19.04.47:367][603]LogParticles: Destroying 0 GPU particle simulations for FXSystem 0x0000000025A2CEA0
[2015.02.27-19.04.47:367][603]LogParticles: Destroying 0 GPU particle simulations for FXSystem 0x0000000025A2F060
[2015.02.27-19.04.47:367][603]LogParticles: Destroying 0 GPU particle simulations for FXSystem 0x000000000E21BB00
[2015.02.27-19.04.47:367][603]LogParticles: Destroying 0 GPU particle simulations for FXSystem 0x000000000DA08540
[2015.02.27-19.04.47:421][603]LogExit: Object subsystem successfully closed.
[2015.02.27-19.04.47:471][603]LogModuleManager: Shutting down and abandoning module AndroidDeviceDetection (172)
[2015.02.27-19.04.47:471][603]LogModuleManager: Shutting down and abandoning module CrashTracker (171)
[2015.02.27-19.04.47:471][603]LogModuleManager: Shutting down and abandoning module SuperSearch (170)
[2015.02.27-19.04.47:471][603]LogModuleManager: Shutting down and abandoning module SceneOutliner (169)
[2015.02.27-19.04.47:471][603]LogModuleManager: Shutting down and abandoning module EditorWidgets (168)
[2015.02.27-19.04.47:471][603]LogModuleManager: Shutting down and abandoning module CollectionManager (167)
[2015.02.27-19.04.47:471][603]LogModuleManager: Shutting down and abandoning module StatsViewer (166)
[2015.02.27-19.04.47:471][603]LogModuleManager: Shutting down and abandoning module FoliageEdit (165)
[2015.02.27-19.04.47:471][603]LogModuleManager: Shutting down and abandoning module LandscapeEditor (164)
[2015.02.27-19.04.47:472][603]LogModuleManager: Shutting down and abandoning module MeshPaint (163)
[2015.02.27-19.04.47:472][603]LogModuleManager: Shutting down and abandoning module ActorPickerMode (162)
[2015.02.27-19.04.47:472][603]LogModuleManager: Shutting down and abandoning module GeometryMode (161)
[2015.02.27-19.04.47:472][603]LogModuleManager: Shutting down and abandoning module TextureAlignMode (160)
[2015.02.27-19.04.47:472][603]LogModuleManager: Shutting down and abandoning module BspMode (159)
[2015.02.27-19.04.47:472][603]LogModuleManager: Shutting down and abandoning module PlacementMode (158)
[2015.02.27-19.04.47:472][603]LogModuleManager: Shutting down and abandoning module AutomationWorker (157)
[2015.02.27-19.04.47:472][603]LogModuleManager: Shutting down and abandoning module CharacterAI (156)
[2015.02.27-19.04.47:472][603]LogModuleManager: Shutting down and abandoning module GameProjectGeneration (155)
[2015.02.27-19.04.47:472][603]LogModuleManager: Shutting down and abandoning module IntroTutorials (154)
[2015.02.27-19.04.47:472][603]LogModuleManager: Shutting down and abandoning module EditorLiveStreaming (153)
[2015.02.27-19.04.47:472][603]LogModuleManager: Shutting down and abandoning module HardwareTargeting (152)
[2015.02.27-19.04.47:472][603]LogModuleManager: Shutting down and abandoning module DeviceProfileEditor (151)
[2015.02.27-19.04.47:472][603]LogModuleManager: Shutting down and abandoning module UndoHistory (150)
[2015.02.27-19.04.47:472][603]LogModuleManager: Shutting down and abandoning module GameplayTagsEditor (149)
[2015.02.27-19.04.47:472][603]LogModuleManager: Shutting down and abandoning module UserFeedback (148)
[2015.02.27-19.04.47:472][603]LogModuleManager: Shutting down and abandoning module XmlParser (147)
[2015.02.27-19.04.47:472][603]LogModuleManager: Shutting down and abandoning module Blutility (146)
[2015.02.27-19.04.47:472][603]LogModuleManager: Shutting down and abandoning module IOSPlatformEditor (145)
[2015.02.27-19.04.47:472][603]LogModuleManager: Shutting down and abandoning module IOSRuntimeSettings (144)
[2015.02.27-19.04.47:472][603]LogModuleManager: Shutting down and abandoning module AndroidPlatformEditor (143)
[2015.02.27-19.04.47:472][603]LogModuleManager: Shutting down and abandoning module AndroidRuntimeSettings (142)
[2015.02.27-19.04.47:472][603]LogModuleManager: Shutting down and abandoning module ProjectTargetPlatformEditor (141)
[2015.02.27-19.04.47:472][603]LogModuleManager: Shutting down and abandoning module ProjectSettingsViewer (140)
[2015.02.27-19.04.47:472][603]LogModuleManager: Shutting down and abandoning module InputBindingEditor (139)
[2015.02.27-19.04.47:472][603]LogModuleManager: Shutting down and abandoning module EditorSettingsViewer (138)
[2015.02.27-19.04.47:472][603]LogModuleManager: Shutting down and abandoning module SettingsEditor (137)
[2015.02.27-19.04.47:472][603]LogModuleManager: Shutting down and abandoning module ProjectLauncher (136)
[2015.02.27-19.04.47:472][603]LogModuleManager: Shutting down and abandoning module SessionFrontend (135)
[2015.02.27-19.04.47:472][603]LogModuleManager: Shutting down and abandoning module ProfilerClient (134)
[2015.02.27-19.04.47:472][603]LogModuleManager: Shutting down and abandoning module TargetDeviceServices (133)
[2015.02.27-19.04.47:472][603]LogModuleManager: Shutting down and abandoning module DeviceManager (132)
[2015.02.27-19.04.47:472][603]LogModuleManager: Shutting down and abandoning module AutomationController (131)
[2015.02.27-19.04.47:473][603]LogModuleManager: Shutting down and abandoning module AutomationWindow (130)
[2015.02.27-19.04.47:473][603]LogModuleManager: Shutting down and abandoning module Layers (129)
[2015.02.27-19.04.47:473][603]LogModuleManager: Shutting down and abandoning module ComponentVisualizers (128)
[2015.02.27-19.04.47:473][603]LogModuleManager: Shutting down and abandoning module DetailCustomizations (127)
[2015.02.27-19.04.47:473][603]LogModuleManager: Shutting down and abandoning module PackagesDialog (126)
[2015.02.27-19.04.47:473][603]LogModuleManager: Shutting down and abandoning module AssetRegistry (125)
[2015.02.27-19.04.47:504][603]LogModuleManager: Shutting down and abandoning module Persona (124)
[2015.02.27-19.04.47:504][603]LogModuleManager: Shutting down and abandoning module Kismet (123)
[2015.02.27-19.04.47:504][603]LogModuleManager: Shutting down and abandoning module GraphEditor (122)
[2015.02.27-19.04.47:504][603]LogModuleManager: Shutting down and abandoning module ClassViewer (121)
[2015.02.27-19.04.47:505][603]LogModuleManager: Shutting down and abandoning module Toolbox (120)
[2015.02.27-19.04.47:505][603]LogModuleManager: Shutting down and abandoning module ModuleUI (119)
[2015.02.27-19.04.47:505][603]LogModuleManager: Shutting down and abandoning module MovieSceneTools (118)
[2015.02.27-19.04.47:505][603]LogModuleManager: Shutting down and abandoning module OutputLog (117)
[2015.02.27-19.04.47:505][603]LogModuleManager: Shutting down and abandoning module GammaUI (116)
[2015.02.27-19.04.47:505][603]LogModuleManager: Shutting down and abandoning module Documentation (115)
[2015.02.27-19.04.47:505][603]LogModuleManager: Shutting down and abandoning module GameLiveStreaming (114)
[2015.02.27-19.04.47:505][603]LogModuleManager: Shutting down and abandoning module StreamingPauseRendering (113)
[2015.02.27-19.04.47:505][603]LogModuleManager: Shutting down and abandoning module HTTP (112)
[2015.02.27-19.04.47:505][603]LogModuleManager: Shutting down and abandoning module AnalyticsET (111)
[2015.02.27-19.04.47:505][603]LogModuleManager: Shutting down and abandoning module Analytics (110)
[2015.02.27-19.04.47:505][603]LogModuleManager: Shutting down and abandoning module AITestSuite (109)
[2015.02.27-19.04.47:505][603]LogModuleManager: Shutting down and abandoning module AIModule (108)
[2015.02.27-19.04.47:505][603]LogModuleManager: Shutting down and abandoning module ProfilerService (107)
[2015.02.27-19.04.47:705][603]LogModuleManager: Shutting down and abandoning module TaskGraph (106)
[2015.02.27-19.04.47:705][603]LogModuleManager: Shutting down and abandoning module GameplayDebugger (105)
[2015.02.27-19.04.47:705][603]LogModuleManager: Shutting down and abandoning module SlateRemote (104)
[2015.02.27-19.04.47:705][603]LogModuleManager: Shutting down and abandoning module ScriptEditorPlugin (103)
[2015.02.27-19.04.47:705][603]LogModuleManager: Shutting down and abandoning module CustomMeshComponent (102)
[2015.02.27-19.04.47:705][603]LogModuleManager: Shutting down and abandoning module CableComponent (101)
[2015.02.27-19.04.47:705][603]LogModuleManager: Shutting down and abandoning module MessagingDebugger (100)
[2015.02.27-19.04.47:705][603]LogModuleManager: Shutting down and abandoning module MediaPlayerEditor (99)
[2015.02.27-19.04.47:705][603]LogModuleManager: Shutting down and abandoning module SpeedTreeImporter (98)
[2015.02.27-19.04.47:705][603]LogModuleManager: Shutting down and abandoning module PluginsEditor (97)
[2015.02.27-19.04.47:705][603]LogModuleManager: Shutting down and abandoning module EpicSurvey (96)
[2015.02.27-19.04.47:705][603]LogModuleManager: Shutting down and abandoning module DesktopPlatform (95)
[2015.02.27-19.04.47:705][603]LogModuleManager: Shutting down and abandoning module VisualStudioSourceCodeAccess (94)
[2015.02.27-19.04.47:705][603]LogModuleManager: Shutting down and abandoning module UObjectPlugin (93)
[2015.02.27-19.04.47:705][603]LogModuleManager: Shutting down and abandoning module SubversionSourceControl (92)
[2015.02.27-19.04.47:705][603]LogModuleManager: Shutting down and abandoning module SourceControl (91)
[2015.02.27-19.04.47:705][603]LogModuleManager: Shutting down and abandoning module PerforceSourceControl (90)
[2015.02.27-19.04.47:705][603]LogModuleManager: Shutting down and abandoning module BlankPlugin (89)
[2015.02.27-19.04.47:705][603]LogModuleManager: Shutting down and abandoning module SlateReflector (88)
[2015.02.27-19.04.47:705][603]LogModuleManager: Shutting down and abandoning module DirectoryWatcher (87)
[2015.02.27-19.04.47:705][603]LogModuleManager: Shutting down and abandoning module HotReload (86)
[2015.02.27-19.04.47:706][603]LogModuleManager: Shutting down and abandoning module MainFrame (85)
[2015.02.27-19.04.47:706][603]LogModuleManager: Shutting down and abandoning module LevelEditor (84)
[2015.02.27-19.04.47:707][603]LogModuleManager: Shutting down and abandoning module ViewportSnapping (83)
[2015.02.27-19.04.47:707][603]LogModuleManager: Shutting down and abandoning module SmartSnapping (82)
[2015.02.27-19.04.47:707][603]LogModuleManager: Shutting down and abandoning module PaperTiledImporter (81)
[2015.02.27-19.04.47:707][603]LogModuleManager: Shutting down and abandoning module PaperJsonImporter (80)
[2015.02.27-19.04.47:707][603]LogModuleManager: Shutting down and abandoning module ContentBrowser (79)
[2015.02.27-19.04.47:707][603]LogModuleManager: Shutting down and abandoning module Paper2DEditor (78)
[2015.02.27-19.04.47:707][603]LogModuleManager: Shutting down and abandoning module ScriptPlugin (77)
[2015.02.27-19.04.47:707][603]LogModuleManager: Shutting down and abandoning module UdpMessaging (76)
[2015.02.27-19.04.47:807][603]LogModuleManager: Shutting down and abandoning module Paper2D (75)
[2015.02.27-19.04.47:807][603]LogModuleManager: Shutting down and abandoning module UE4Game (74)
[2015.02.27-19.04.47:807][603]LogModuleManager: Shutting down and abandoning module WindowsMoviePlayer (73)
[2015.02.27-19.04.47:809][603]LogModuleManager: Shutting down and abandoning module Media (72)
[2015.02.27-19.04.47:809][603]LogModuleManager: Shutting down and abandoning module WmfMedia (71)
[2015.02.27-19.04.47:810][603]LogModuleManager: Shutting down and abandoning module OnlineBlueprintSupport (70)
[2015.02.27-19.04.47:810][603]LogModuleManager: Shutting down and abandoning module PropertyEditor (69)
[2015.02.27-19.04.47:810][603]LogModuleManager: Shutting down and abandoning module BehaviorTreeEditor (68)
[2015.02.27-19.04.47:810][603]LogModuleManager: Shutting down and abandoning module FunctionalTesting (67)
[2015.02.27-19.04.47:810][603]LogModuleManager: Shutting down and abandoning module CollisionAnalyzer (66)
[2015.02.27-19.04.47:810][603]LogModuleManager: Shutting down and abandoning module WorkspaceMenuStructure (65)
[2015.02.27-19.04.47:810][603]LogModuleManager: Shutting down and abandoning module MessageLog (64)
[2015.02.27-19.04.47:810][603]LogModuleManager: Shutting down and abandoning module Sequencer (63)
[2015.02.27-19.04.47:810][603]LogModuleManager: Shutting down and abandoning module AssetTools (62)
[2015.02.27-19.04.47:810][603]LogModuleManager: Shutting down and abandoning module UMGEditor (61)
[2015.02.27-19.04.47:810][603]LogModuleManager: Shutting down and abandoning module UMG (60)
[2015.02.27-19.04.47:810][603]LogModuleManager: Shutting down and abandoning module Slate (59)
[2015.02.27-19.04.47:810][603]LogModuleManager: Shutting down and abandoning module EditorStyle (58)
[2015.02.27-19.04.47:813][603]LogModuleManager: Shutting down and abandoning module SessionServices (57)
[2015.02.27-19.04.47:813][603]LogModuleManager: Shutting down and abandoning module SourceCodeAccess (56)
[2015.02.27-19.04.47:813][603]LogModuleManager: Shutting down and abandoning module HeadMountedDisplay (55)
[2015.02.27-19.04.47:813][603]LogModuleManager: Shutting down and abandoning module XAudio2 (54)
[2015.02.27-19.04.47:813][603]LogModuleManager: Shutting down and abandoning module Networking (52)
[2015.02.27-19.04.47:813][603]LogModuleManager: Shutting down and abandoning module Core (51)
[2015.02.27-19.04.47:813][603]LogModuleManager: Shutting down and abandoning module KismetCompiler (50)
[2015.02.27-19.04.47:813][603]LogModuleManager: Shutting down and abandoning module PhysXFormats (49)
[2015.02.27-19.04.47:813][603]LogModuleManager: Shutting down and abandoning module MeshUtilities (48)
[2015.02.27-19.04.47:813][603]LogModuleManager: Shutting down and abandoning module DerivedDataCache (47)
[2015.02.27-19.04.47:840][603]LogDerivedDataCache: Shutdown
[2015.02.27-19.04.47:840][603]LogModuleManager: Shutting down and abandoning module ShaderFormatOpenGL (46)
[2015.02.27-19.04.47:840][603]LogModuleManager: Shutting down and abandoning module ShaderFormatD3D (45)
[2015.02.27-19.04.47:840][603]LogModuleManager: Shutting down and abandoning module MetalShaderFormat (44)
[2015.02.27-19.04.47:840][603]LogModuleManager: Shutting down and abandoning module TextureFormatUncompressed (43)
[2015.02.27-19.04.47:840][603]LogModuleManager: Shutting down and abandoning module TextureFormatPVR (42)
[2015.02.27-19.04.47:840][603]LogModuleManager: Shutting down and abandoning module TextureFormatDXT (41)
[2015.02.27-19.04.47:840][603]LogModuleManager: Shutting down and abandoning module TextureFormatAndroid (40)
[2015.02.27-19.04.47:840][603]LogModuleManager: Shutting down and abandoning module AudioFormatOpus (39)
[2015.02.27-19.04.47:840][603]LogModuleManager: Shutting down and abandoning module AudioFormatOgg (38)
[2015.02.27-19.04.47:840][603]LogModuleManager: Shutting down and abandoning module AudioFormatADPCM (37)
[2015.02.27-19.04.47:840][603]LogModuleManager: Shutting down and abandoning module LinuxTargetPlatform (36)
[2015.02.27-19.04.47:840][603]LogModuleManager: Shutting down and abandoning module LinuxServerTargetPlatform (35)
[2015.02.27-19.04.47:840][603]LogModuleManager: Shutting down and abandoning module LinuxNoEditorTargetPlatform (34)
[2015.02.27-19.04.47:840][603]LogModuleManager: Shutting down and abandoning module Messaging (33)
[2015.02.27-19.04.47:840][603]LogModuleManager: Shutting down and abandoning module IOSTargetPlatform (32)
[2015.02.27-19.04.47:840][603]LogModuleManager: Shutting down and abandoning module Android_PVRTCTargetPlatform (31)
[2015.02.27-19.04.47:840][603]LogModuleManager: Shutting down and abandoning module Android_ETC2TargetPlatform (30)
[2015.02.27-19.04.47:840][603]LogModuleManager: Shutting down and abandoning module Android_ETC1TargetPlatform (29)
[2015.02.27-19.04.47:840][603]LogModuleManager: Shutting down and abandoning module Android_DXTTargetPlatform (28)
[2015.02.27-19.04.47:840][603]LogModuleManager: Shutting down and abandoning module Android_ATCTargetPlatform (27)
[2015.02.27-19.04.47:840][603]LogModuleManager: Shutting down and abandoning module AndroidTargetPlatform (26)
[2015.02.27-19.04.47:840][603]LogModuleManager: Shutting down and abandoning module WindowsTargetPlatform (25)
[2015.02.27-19.04.47:840][603]LogModuleManager: Shutting down and abandoning module WindowsServerTargetPlatform (24)
[2015.02.27-19.04.47:840][603]LogModuleManager: Shutting down and abandoning module WindowsNoEditorTargetPlatform (23)
[2015.02.27-19.04.47:840][603]LogModuleManager: Shutting down and abandoning module WindowsClientTargetPlatform (22)
[2015.02.27-19.04.47:840][603]LogModuleManager: Shutting down and abandoning module TargetPlatform (21)
[2015.02.27-19.04.47:840][603]LogModuleManager: Shutting down and abandoning module InputCore (20)
[2015.02.27-19.04.47:840][603]LogModuleManager: Shutting down and abandoning module Settings (19)
[2015.02.27-19.04.47:840][603]LogModuleManager: Shutting down and abandoning module ImageWrapper (18)
[2015.02.27-19.04.47:840][603]LogModuleManager: Shutting down and abandoning module OculusRift (15)
[2015.02.27-19.04.47:840][603]LogModuleManager: Shutting down and abandoning module ExampleDeviceProfileSelector (14)
[2015.02.27-19.04.47:840][603]LogModuleManager: Shutting down and abandoning module TextureCompressor (13)
[2015.02.27-19.04.47:840][603]LogModuleManager: Shutting down and abandoning module ShaderCore (12)
[2015.02.27-19.04.47:840][603]LogModuleManager: Shutting down and abandoning module Landscape (11)
[2015.02.27-19.04.47:840][603]LogModuleManager: Shutting down and abandoning module SlateRHIRenderer (10)
[2015.02.27-19.04.47:843][603]LogModuleManager: Shutting down and abandoning module OpenGLDrv (9)
[2015.02.27-19.04.47:843][603]LogModuleManager: Shutting down and abandoning module D3D11RHI (8)
[2015.02.27-19.04.47:843][603]LogModuleManager: Shutting down and abandoning module Renderer (7)
[2015.02.27-19.04.47:843][603]LogModuleManager: Shutting down and abandoning module Engine (6)
[2015.02.27-19.04.47:843][603]LogModuleManager: Shutting down and abandoning module CoreUObject (5)
[2015.02.27-19.04.47:843][603]LogModuleManager: Shutting down and abandoning module NetworkFile (4)
[2015.02.27-19.04.47:843][603]LogModuleManager: Shutting down and abandoning module StreamingFile (3)
[2015.02.27-19.04.47:843][603]LogModuleManager: Shutting down and abandoning module SandboxFile (2)
[2015.02.27-19.04.47:843][603]LogModuleManager: Shutting down and abandoning module PakFile (1)
[2015.02.27-19.04.47:844][603]LogExit: Exiting.
[2015.02.27-19.04.47:847][603]Log file closed, 02/27/15 13:04:47
